2021-02-16 18:17:22 [127.0.0.1][-][-][error][yii\di\NotInstantiableException] ReflectionException: Class yii\bootstrap\BootstrapAsset does not exist in /var/project/yii2/vendor/yiisoft/yii2/di/Container.php:508
Stack trace:
#0 /var/project/yii2/vendor/yiisoft/yii2/di/Container.php(508): ReflectionClass->__construct()
#1 /var/project/yii2/vendor/yiisoft/yii2/di/Container.php(386): yii\di\Container->getDependencies()
#2 /var/project/yii2/vendor/yiisoft/yii2/di/Container.php(171): yii\di\Container->build()
#3 /var/project/yii2/vendor/yiisoft/yii2/BaseYii.php(365): yii\di\Container->get()
#4 /var/project/yii2/vendor/yiisoft/yii2/web/AssetManager.php(286): yii\BaseYii::createObject()
#5 /var/project/yii2/vendor/yiisoft/yii2/web/AssetManager.php(259): yii\web\AssetManager->loadBundle()
#6 /var/project/yii2/vendor/yiisoft/yii2/web/View.php(287): yii\web\AssetManager->getBundle()
#7 /var/project/yii2/vendor/yiisoft/yii2/web/View.php(292): yii\web\View->registerAssetBundle()
#8 /var/project/yii2/vendor/yiisoft/yii2/web/AssetBundle.php(125): yii\web\View->registerAssetBundle()
#9 /var/project/yii2/views/layouts/main.php(13): yii\web\AssetBundle::register()
#10 /var/project/yii2/vendor/yiisoft/yii2/base/View.php(348): require('/var/project/yi...')
#11 /var/project/yii2/vendor/yiisoft/yii2/base/View.php(257): yii\base\View->renderPhpFile()
#12 /var/project/yii2/vendor/yiisoft/yii2/base/Controller.php(425): yii\base\View->renderFile()
#13 /var/project/yii2/vendor/yiisoft/yii2/base/Controller.php(411): yii\base\Controller->renderContent()
#14 /var/project/yii2/controllers/SiteController.php(64): yii\base\Controller->render()
#15 [internal function]: app\controllers\SiteController->actionIndex()
#16 /var/project/yii2/vendor/yiisoft/yii2/base/InlineAction.php(57): call_user_func_array()
#17 /var/project/yii2/vendor/yiisoft/yii2/base/Controller.php(181): yii\base\InlineAction->runWithParams()
#18 /var/project/yii2/vendor/yiisoft/yii2/base/Module.php(534): yii\base\Controller->runAction()
#19 /var/project/yii2/vendor/yiisoft/yii2/web/Application.php(104): yii\base\Module->runAction()
#20 /var/project/yii2/vendor/yiisoft/yii2/base/Application.php(392): yii\web\Application->handleRequest()
#21 /var/project/yii2/web/index.php(12): yii\base\Application->run()
#22 {main}

Next yii\di\NotInstantiableException: Failed to instantiate component or class "yii\bootstrap\BootstrapAsset". in /var/project/yii2/vendor/yiisoft/yii2/di/Container.php:510
Stack trace:
#0 /var/project/yii2/vendor/yiisoft/yii2/di/Container.php(386): yii\di\Container->getDependencies()
#1 /var/project/yii2/vendor/yiisoft/yii2/di/Container.php(171): yii\di\Container->build()
#2 /var/project/yii2/vendor/yiisoft/yii2/BaseYii.php(365): yii\di\Container->get()
#3 /var/project/yii2/vendor/yiisoft/yii2/web/AssetManager.php(286): yii\BaseYii::createObject()
#4 /var/project/yii2/vendor/yiisoft/yii2/web/AssetManager.php(259): yii\web\AssetManager->loadBundle()
#5 /var/project/yii2/vendor/yiisoft/yii2/web/View.php(287): yii\web\AssetManager->getBundle()
#6 /var/project/yii2/vendor/yiisoft/yii2/web/View.php(292): yii\web\View->registerAssetBundle()
#7 /var/project/yii2/vendor/yiisoft/yii2/web/AssetBundle.php(125): yii\web\View->registerAssetBundle()
#8 /var/project/yii2/views/layouts/main.php(13): yii\web\AssetBundle::register()
#9 /var/project/yii2/vendor/yiisoft/yii2/base/View.php(348): require('/var/project/yi...')
#10 /var/project/yii2/vendor/yiisoft/yii2/base/View.php(257): yii\base\View->renderPhpFile()
#11 /var/project/yii2/vendor/yiisoft/yii2/base/Controller.php(425): yii\base\View->renderFile()
#12 /var/project/yii2/vendor/yiisoft/yii2/base/Controller.php(411): yii\base\Controller->renderContent()
#13 /var/project/yii2/controllers/SiteController.php(64): yii\base\Controller->render()
#14 [internal function]: app\controllers\SiteController->actionIndex()
#15 /var/project/yii2/vendor/yiisoft/yii2/base/InlineAction.php(57): call_user_func_array()
#16 /var/project/yii2/vendor/yiisoft/yii2/base/Controller.php(181): yii\base\InlineAction->runWithParams()
#17 /var/project/yii2/vendor/yiisoft/yii2/base/Module.php(534): yii\base\Controller->runAction()
#18 /var/project/yii2/vendor/yiisoft/yii2/web/Application.php(104): yii\base\Module->runAction()
#19 /var/project/yii2/vendor/yiisoft/yii2/base/Application.php(392): yii\web\Application->handleRequest()
#20 /var/project/yii2/web/index.php(12): yii\base\Application->run()
#21 {main}
2021-02-16 18:17:22 [127.0.0.1][-][-][info][application] $_GET = []

$_POST = []

$_FILES = []

$_COOKIE = []

$_SERVER = [
    'USER' => 'www-data'
    'HOME' => '/var/www'
    'HTTP_ACCEPT_LANGUAGE' => 'ru-RU,ru;q=0.9,en-US;q=0.8,en;q=0.7,uk;q=0.6,de;q=0.5,eu;q=0.4'
    'HTTP_ACCEPT_ENCODING' => 'gzip, deflate'
    'HTTP_ACCEPT' => 'text/html,application/xhtml+xml,application/xml;q=0.9,image/avif,image/webp,image/apng,*/*;q=0.8,application/signed-exchange;v=b3;q=0.9'
    'HTTP_USER_AGENT' => 'Mozilla/5.0 (X11; Linux x86_64) AppleWebKit/537.36 (KHTML, like Gecko) Chrome/88.0.4324.150 Safari/537.36'
    'HTTP_UPGRADE_INSECURE_REQUESTS' => '1'
    'HTTP_CACHE_CONTROL' => 'max-age=0'
    'HTTP_CONNECTION' => 'keep-alive'
    'HTTP_HOST' => 'yii2'
    'SCRIPT_FILENAME' => '/var/project/yii2/web/index.php'
    'REDIRECT_STATUS' => '200'
    'SERVER_NAME' => 'yii2'
    'SERVER_PORT' => '80'
    'SERVER_ADDR' => '127.0.0.8'
    'REMOTE_PORT' => '52724'
    'REMOTE_ADDR' => '127.0.0.1'
    'SERVER_SOFTWARE' => 'nginx/1.18.0'
    'GATEWAY_INTERFACE' => 'CGI/1.1'
    'REQUEST_SCHEME' => 'http'
    'SERVER_PROTOCOL' => 'HTTP/1.1'
    'DOCUMENT_ROOT' => '/var/project/yii2/web'
    'DOCUMENT_URI' => '/index.php'
    'REQUEST_URI' => '/'
    'SCRIPT_NAME' => '/index.php'
    'CONTENT_LENGTH' => ''
    'CONTENT_TYPE' => ''
    'REQUEST_METHOD' => 'GET'
    'QUERY_STRING' => ''
    'FCGI_ROLE' => 'RESPONDER'
    'PHP_SELF' => '/index.php'
    'REQUEST_TIME_FLOAT' => 1613499442.6412
    'REQUEST_TIME' => 1613499442
]
2021-02-16 18:18:04 [127.0.0.1][-][-][error][Error] Error: Class 'yii\bootstrap\NavBar' not found in /var/project/yii2/views/layouts/main.php:31
Stack trace:
#0 /var/project/yii2/vendor/yiisoft/yii2/base/View.php(348): require()
#1 /var/project/yii2/vendor/yiisoft/yii2/base/View.php(257): yii\base\View->renderPhpFile()
#2 /var/project/yii2/vendor/yiisoft/yii2/base/Controller.php(425): yii\base\View->renderFile()
#3 /var/project/yii2/vendor/yiisoft/yii2/base/Controller.php(411): yii\base\Controller->renderContent()
#4 /var/project/yii2/controllers/SiteController.php(64): yii\base\Controller->render()
#5 [internal function]: app\controllers\SiteController->actionIndex()
#6 /var/project/yii2/vendor/yiisoft/yii2/base/InlineAction.php(57): call_user_func_array()
#7 /var/project/yii2/vendor/yiisoft/yii2/base/Controller.php(181): yii\base\InlineAction->runWithParams()
#8 /var/project/yii2/vendor/yiisoft/yii2/base/Module.php(534): yii\base\Controller->runAction()
#9 /var/project/yii2/vendor/yiisoft/yii2/web/Application.php(104): yii\base\Module->runAction()
#10 /var/project/yii2/vendor/yiisoft/yii2/base/Application.php(392): yii\web\Application->handleRequest()
#11 /var/project/yii2/web/index.php(12): yii\base\Application->run()
#12 {main}
2021-02-16 18:18:04 [127.0.0.1][-][-][info][application] $_GET = []

$_POST = []

$_FILES = []

$_COOKIE = []

$_SERVER = [
    'USER' => 'www-data'
    'HOME' => '/var/www'
    'HTTP_ACCEPT_LANGUAGE' => 'ru-RU,ru;q=0.9,en-US;q=0.8,en;q=0.7,uk;q=0.6,de;q=0.5,eu;q=0.4'
    'HTTP_ACCEPT_ENCODING' => 'gzip, deflate'
    'HTTP_ACCEPT' => 'text/html,application/xhtml+xml,application/xml;q=0.9,image/avif,image/webp,image/apng,*/*;q=0.8,application/signed-exchange;v=b3;q=0.9'
    'HTTP_USER_AGENT' => 'Mozilla/5.0 (X11; Linux x86_64) AppleWebKit/537.36 (KHTML, like Gecko) Chrome/88.0.4324.150 Safari/537.36'
    'HTTP_UPGRADE_INSECURE_REQUESTS' => '1'
    'HTTP_CACHE_CONTROL' => 'max-age=0'
    'HTTP_CONNECTION' => 'keep-alive'
    'HTTP_HOST' => 'yii2'
    'SCRIPT_FILENAME' => '/var/project/yii2/web/index.php'
    'REDIRECT_STATUS' => '200'
    'SERVER_NAME' => 'yii2'
    'SERVER_PORT' => '80'
    'SERVER_ADDR' => '127.0.0.8'
    'REMOTE_PORT' => '52724'
    'REMOTE_ADDR' => '127.0.0.1'
    'SERVER_SOFTWARE' => 'nginx/1.18.0'
    'GATEWAY_INTERFACE' => 'CGI/1.1'
    'REQUEST_SCHEME' => 'http'
    'SERVER_PROTOCOL' => 'HTTP/1.1'
    'DOCUMENT_ROOT' => '/var/project/yii2/web'
    'DOCUMENT_URI' => '/index.php'
    'REQUEST_URI' => '/'
    'SCRIPT_NAME' => '/index.php'
    'CONTENT_LENGTH' => ''
    'CONTENT_TYPE' => ''
    'REQUEST_METHOD' => 'GET'
    'QUERY_STRING' => ''
    'FCGI_ROLE' => 'RESPONDER'
    'PHP_SELF' => '/index.php'
    'REQUEST_TIME_FLOAT' => 1613499484.7132
    'REQUEST_TIME' => 1613499484
]
2021-02-16 18:21:04 [127.0.0.1][-][-][error][yii\di\NotInstantiableException] ReflectionException: Class yii\bootstrap\BootstrapAsset does not exist in /var/project/yii2/vendor/yiisoft/yii2/di/Container.php:508
Stack trace:
#0 /var/project/yii2/vendor/yiisoft/yii2/di/Container.php(508): ReflectionClass->__construct()
#1 /var/project/yii2/vendor/yiisoft/yii2/di/Container.php(386): yii\di\Container->getDependencies()
#2 /var/project/yii2/vendor/yiisoft/yii2/di/Container.php(171): yii\di\Container->build()
#3 /var/project/yii2/vendor/yiisoft/yii2/BaseYii.php(365): yii\di\Container->get()
#4 /var/project/yii2/vendor/yiisoft/yii2/web/AssetManager.php(286): yii\BaseYii::createObject()
#5 /var/project/yii2/vendor/yiisoft/yii2/web/AssetManager.php(259): yii\web\AssetManager->loadBundle()
#6 /var/project/yii2/vendor/yiisoft/yii2/web/View.php(287): yii\web\AssetManager->getBundle()
#7 /var/project/yii2/vendor/yiisoft/yii2/web/View.php(292): yii\web\View->registerAssetBundle()
#8 /var/project/yii2/vendor/yiisoft/yii2/web/AssetBundle.php(125): yii\web\View->registerAssetBundle()
#9 /var/project/yii2/views/layouts/main.php(13): yii\web\AssetBundle::register()
#10 /var/project/yii2/vendor/yiisoft/yii2/base/View.php(348): require('/var/project/yi...')
#11 /var/project/yii2/vendor/yiisoft/yii2/base/View.php(257): yii\base\View->renderPhpFile()
#12 /var/project/yii2/vendor/yiisoft/yii2/base/Controller.php(425): yii\base\View->renderFile()
#13 /var/project/yii2/vendor/yiisoft/yii2/base/Controller.php(411): yii\base\Controller->renderContent()
#14 /var/project/yii2/controllers/SiteController.php(64): yii\base\Controller->render()
#15 [internal function]: app\controllers\SiteController->actionIndex()
#16 /var/project/yii2/vendor/yiisoft/yii2/base/InlineAction.php(57): call_user_func_array()
#17 /var/project/yii2/vendor/yiisoft/yii2/base/Controller.php(181): yii\base\InlineAction->runWithParams()
#18 /var/project/yii2/vendor/yiisoft/yii2/base/Module.php(534): yii\base\Controller->runAction()
#19 /var/project/yii2/vendor/yiisoft/yii2/web/Application.php(104): yii\base\Module->runAction()
#20 /var/project/yii2/vendor/yiisoft/yii2/base/Application.php(392): yii\web\Application->handleRequest()
#21 /var/project/yii2/web/index.php(12): yii\base\Application->run()
#22 {main}

Next yii\di\NotInstantiableException: Failed to instantiate component or class "yii\bootstrap\BootstrapAsset". in /var/project/yii2/vendor/yiisoft/yii2/di/Container.php:510
Stack trace:
#0 /var/project/yii2/vendor/yiisoft/yii2/di/Container.php(386): yii\di\Container->getDependencies()
#1 /var/project/yii2/vendor/yiisoft/yii2/di/Container.php(171): yii\di\Container->build()
#2 /var/project/yii2/vendor/yiisoft/yii2/BaseYii.php(365): yii\di\Container->get()
#3 /var/project/yii2/vendor/yiisoft/yii2/web/AssetManager.php(286): yii\BaseYii::createObject()
#4 /var/project/yii2/vendor/yiisoft/yii2/web/AssetManager.php(259): yii\web\AssetManager->loadBundle()
#5 /var/project/yii2/vendor/yiisoft/yii2/web/View.php(287): yii\web\AssetManager->getBundle()
#6 /var/project/yii2/vendor/yiisoft/yii2/web/View.php(292): yii\web\View->registerAssetBundle()
#7 /var/project/yii2/vendor/yiisoft/yii2/web/AssetBundle.php(125): yii\web\View->registerAssetBundle()
#8 /var/project/yii2/views/layouts/main.php(13): yii\web\AssetBundle::register()
#9 /var/project/yii2/vendor/yiisoft/yii2/base/View.php(348): require('/var/project/yi...')
#10 /var/project/yii2/vendor/yiisoft/yii2/base/View.php(257): yii\base\View->renderPhpFile()
#11 /var/project/yii2/vendor/yiisoft/yii2/base/Controller.php(425): yii\base\View->renderFile()
#12 /var/project/yii2/vendor/yiisoft/yii2/base/Controller.php(411): yii\base\Controller->renderContent()
#13 /var/project/yii2/controllers/SiteController.php(64): yii\base\Controller->render()
#14 [internal function]: app\controllers\SiteController->actionIndex()
#15 /var/project/yii2/vendor/yiisoft/yii2/base/InlineAction.php(57): call_user_func_array()
#16 /var/project/yii2/vendor/yiisoft/yii2/base/Controller.php(181): yii\base\InlineAction->runWithParams()
#17 /var/project/yii2/vendor/yiisoft/yii2/base/Module.php(534): yii\base\Controller->runAction()
#18 /var/project/yii2/vendor/yiisoft/yii2/web/Application.php(104): yii\base\Module->runAction()
#19 /var/project/yii2/vendor/yiisoft/yii2/base/Application.php(392): yii\web\Application->handleRequest()
#20 /var/project/yii2/web/index.php(12): yii\base\Application->run()
#21 {main}
2021-02-16 18:21:04 [127.0.0.1][-][-][info][application] $_GET = []

$_POST = []

$_FILES = []

$_COOKIE = [
    '_csrf' => '5e2576da3fc359f332b77acc4e3685e5bffbbbfe53ef50f1d76e76711886931da:2:{i:0;s:5:\"_csrf\";i:1;s:32:\"O89oIx7yJ6uKlNrrlvD7V-Y8zbkl1DLN\";}'
]

$_SERVER = [
    'USER' => 'www-data'
    'HOME' => '/var/www'
    'HTTP_COOKIE' => '_csrf=5e2576da3fc359f332b77acc4e3685e5bffbbbfe53ef50f1d76e76711886931da%3A2%3A%7Bi%3A0%3Bs%3A5%3A%22_csrf%22%3Bi%3A1%3Bs%3A32%3A%22O89oIx7yJ6uKlNrrlvD7V-Y8zbkl1DLN%22%3B%7D'
    'HTTP_ACCEPT_LANGUAGE' => 'ru-RU,ru;q=0.9,en-US;q=0.8,en;q=0.7,uk;q=0.6,de;q=0.5,eu;q=0.4'
    'HTTP_ACCEPT_ENCODING' => 'gzip, deflate'
    'HTTP_ACCEPT' => 'text/html,application/xhtml+xml,application/xml;q=0.9,image/avif,image/webp,image/apng,*/*;q=0.8,application/signed-exchange;v=b3;q=0.9'
    'HTTP_USER_AGENT' => 'Mozilla/5.0 (X11; Linux x86_64) AppleWebKit/537.36 (KHTML, like Gecko) Chrome/88.0.4324.150 Safari/537.36'
    'HTTP_UPGRADE_INSECURE_REQUESTS' => '1'
    'HTTP_CACHE_CONTROL' => 'max-age=0'
    'HTTP_CONNECTION' => 'keep-alive'
    'HTTP_HOST' => 'yii2'
    'SCRIPT_FILENAME' => '/var/project/yii2/web/index.php'
    'REDIRECT_STATUS' => '200'
    'SERVER_NAME' => 'yii2'
    'SERVER_PORT' => '80'
    'SERVER_ADDR' => '127.0.0.8'
    'REMOTE_PORT' => '52824'
    'REMOTE_ADDR' => '127.0.0.1'
    'SERVER_SOFTWARE' => 'nginx/1.18.0'
    'GATEWAY_INTERFACE' => 'CGI/1.1'
    'REQUEST_SCHEME' => 'http'
    'SERVER_PROTOCOL' => 'HTTP/1.1'
    'DOCUMENT_ROOT' => '/var/project/yii2/web'
    'DOCUMENT_URI' => '/index.php'
    'REQUEST_URI' => '/'
    'SCRIPT_NAME' => '/index.php'
    'CONTENT_LENGTH' => ''
    'CONTENT_TYPE' => ''
    'REQUEST_METHOD' => 'GET'
    'QUERY_STRING' => ''
    'FCGI_ROLE' => 'RESPONDER'
    'PHP_SELF' => '/index.php'
    'REQUEST_TIME_FLOAT' => 1613499664.695
    'REQUEST_TIME' => 1613499664
]
2021-02-16 18:21:06 [127.0.0.1][-][-][error][yii\di\NotInstantiableException] ReflectionException: Class yii\bootstrap\BootstrapAsset does not exist in /var/project/yii2/vendor/yiisoft/yii2/di/Container.php:508
Stack trace:
#0 /var/project/yii2/vendor/yiisoft/yii2/di/Container.php(508): ReflectionClass->__construct()
#1 /var/project/yii2/vendor/yiisoft/yii2/di/Container.php(386): yii\di\Container->getDependencies()
#2 /var/project/yii2/vendor/yiisoft/yii2/di/Container.php(171): yii\di\Container->build()
#3 /var/project/yii2/vendor/yiisoft/yii2/BaseYii.php(365): yii\di\Container->get()
#4 /var/project/yii2/vendor/yiisoft/yii2/web/AssetManager.php(286): yii\BaseYii::createObject()
#5 /var/project/yii2/vendor/yiisoft/yii2/web/AssetManager.php(259): yii\web\AssetManager->loadBundle()
#6 /var/project/yii2/vendor/yiisoft/yii2/web/View.php(287): yii\web\AssetManager->getBundle()
#7 /var/project/yii2/vendor/yiisoft/yii2/web/View.php(292): yii\web\View->registerAssetBundle()
#8 /var/project/yii2/vendor/yiisoft/yii2/web/AssetBundle.php(125): yii\web\View->registerAssetBundle()
#9 /var/project/yii2/views/layouts/main.php(13): yii\web\AssetBundle::register()
#10 /var/project/yii2/vendor/yiisoft/yii2/base/View.php(348): require('/var/project/yi...')
#11 /var/project/yii2/vendor/yiisoft/yii2/base/View.php(257): yii\base\View->renderPhpFile()
#12 /var/project/yii2/vendor/yiisoft/yii2/base/Controller.php(425): yii\base\View->renderFile()
#13 /var/project/yii2/vendor/yiisoft/yii2/base/Controller.php(411): yii\base\Controller->renderContent()
#14 /var/project/yii2/controllers/SiteController.php(64): yii\base\Controller->render()
#15 [internal function]: app\controllers\SiteController->actionIndex()
#16 /var/project/yii2/vendor/yiisoft/yii2/base/InlineAction.php(57): call_user_func_array()
#17 /var/project/yii2/vendor/yiisoft/yii2/base/Controller.php(181): yii\base\InlineAction->runWithParams()
#18 /var/project/yii2/vendor/yiisoft/yii2/base/Module.php(534): yii\base\Controller->runAction()
#19 /var/project/yii2/vendor/yiisoft/yii2/web/Application.php(104): yii\base\Module->runAction()
#20 /var/project/yii2/vendor/yiisoft/yii2/base/Application.php(392): yii\web\Application->handleRequest()
#21 /var/project/yii2/web/index.php(12): yii\base\Application->run()
#22 {main}

Next yii\di\NotInstantiableException: Failed to instantiate component or class "yii\bootstrap\BootstrapAsset". in /var/project/yii2/vendor/yiisoft/yii2/di/Container.php:510
Stack trace:
#0 /var/project/yii2/vendor/yiisoft/yii2/di/Container.php(386): yii\di\Container->getDependencies()
#1 /var/project/yii2/vendor/yiisoft/yii2/di/Container.php(171): yii\di\Container->build()
#2 /var/project/yii2/vendor/yiisoft/yii2/BaseYii.php(365): yii\di\Container->get()
#3 /var/project/yii2/vendor/yiisoft/yii2/web/AssetManager.php(286): yii\BaseYii::createObject()
#4 /var/project/yii2/vendor/yiisoft/yii2/web/AssetManager.php(259): yii\web\AssetManager->loadBundle()
#5 /var/project/yii2/vendor/yiisoft/yii2/web/View.php(287): yii\web\AssetManager->getBundle()
#6 /var/project/yii2/vendor/yiisoft/yii2/web/View.php(292): yii\web\View->registerAssetBundle()
#7 /var/project/yii2/vendor/yiisoft/yii2/web/AssetBundle.php(125): yii\web\View->registerAssetBundle()
#8 /var/project/yii2/views/layouts/main.php(13): yii\web\AssetBundle::register()
#9 /var/project/yii2/vendor/yiisoft/yii2/base/View.php(348): require('/var/project/yi...')
#10 /var/project/yii2/vendor/yiisoft/yii2/base/View.php(257): yii\base\View->renderPhpFile()
#11 /var/project/yii2/vendor/yiisoft/yii2/base/Controller.php(425): yii\base\View->renderFile()
#12 /var/project/yii2/vendor/yiisoft/yii2/base/Controller.php(411): yii\base\Controller->renderContent()
#13 /var/project/yii2/controllers/SiteController.php(64): yii\base\Controller->render()
#14 [internal function]: app\controllers\SiteController->actionIndex()
#15 /var/project/yii2/vendor/yiisoft/yii2/base/InlineAction.php(57): call_user_func_array()
#16 /var/project/yii2/vendor/yiisoft/yii2/base/Controller.php(181): yii\base\InlineAction->runWithParams()
#17 /var/project/yii2/vendor/yiisoft/yii2/base/Module.php(534): yii\base\Controller->runAction()
#18 /var/project/yii2/vendor/yiisoft/yii2/web/Application.php(104): yii\base\Module->runAction()
#19 /var/project/yii2/vendor/yiisoft/yii2/base/Application.php(392): yii\web\Application->handleRequest()
#20 /var/project/yii2/web/index.php(12): yii\base\Application->run()
#21 {main}
2021-02-16 18:21:06 [127.0.0.1][-][-][info][application] $_GET = []

$_POST = []

$_FILES = []

$_COOKIE = [
    '_csrf' => '5e2576da3fc359f332b77acc4e3685e5bffbbbfe53ef50f1d76e76711886931da:2:{i:0;s:5:\"_csrf\";i:1;s:32:\"O89oIx7yJ6uKlNrrlvD7V-Y8zbkl1DLN\";}'
]

$_SERVER = [
    'USER' => 'www-data'
    'HOME' => '/var/www'
    'HTTP_COOKIE' => '_csrf=5e2576da3fc359f332b77acc4e3685e5bffbbbfe53ef50f1d76e76711886931da%3A2%3A%7Bi%3A0%3Bs%3A5%3A%22_csrf%22%3Bi%3A1%3Bs%3A32%3A%22O89oIx7yJ6uKlNrrlvD7V-Y8zbkl1DLN%22%3B%7D'
    'HTTP_ACCEPT_LANGUAGE' => 'ru-RU,ru;q=0.9,en-US;q=0.8,en;q=0.7,uk;q=0.6,de;q=0.5,eu;q=0.4'
    'HTTP_ACCEPT_ENCODING' => 'gzip, deflate'
    'HTTP_ACCEPT' => 'text/html,application/xhtml+xml,application/xml;q=0.9,image/avif,image/webp,image/apng,*/*;q=0.8,application/signed-exchange;v=b3;q=0.9'
    'HTTP_USER_AGENT' => 'Mozilla/5.0 (X11; Linux x86_64) AppleWebKit/537.36 (KHTML, like Gecko) Chrome/88.0.4324.150 Safari/537.36'
    'HTTP_UPGRADE_INSECURE_REQUESTS' => '1'
    'HTTP_CACHE_CONTROL' => 'max-age=0'
    'HTTP_CONNECTION' => 'keep-alive'
    'HTTP_HOST' => 'yii2'
    'SCRIPT_FILENAME' => '/var/project/yii2/web/index.php'
    'REDIRECT_STATUS' => '200'
    'SERVER_NAME' => 'yii2'
    'SERVER_PORT' => '80'
    'SERVER_ADDR' => '127.0.0.8'
    'REMOTE_PORT' => '52824'
    'REMOTE_ADDR' => '127.0.0.1'
    'SERVER_SOFTWARE' => 'nginx/1.18.0'
    'GATEWAY_INTERFACE' => 'CGI/1.1'
    'REQUEST_SCHEME' => 'http'
    'SERVER_PROTOCOL' => 'HTTP/1.1'
    'DOCUMENT_ROOT' => '/var/project/yii2/web'
    'DOCUMENT_URI' => '/index.php'
    'REQUEST_URI' => '/'
    'SCRIPT_NAME' => '/index.php'
    'CONTENT_LENGTH' => ''
    'CONTENT_TYPE' => ''
    'REQUEST_METHOD' => 'GET'
    'QUERY_STRING' => ''
    'FCGI_ROLE' => 'RESPONDER'
    'PHP_SELF' => '/index.php'
    'REQUEST_TIME_FLOAT' => 1613499666.8476
    'REQUEST_TIME' => 1613499666
]
2021-02-16 18:21:15 [127.0.0.1][-][-][error][Error] Error: Class 'yii\bootstrap\NavBar' not found in /var/project/yii2/views/layouts/main.php:31
Stack trace:
#0 /var/project/yii2/vendor/yiisoft/yii2/base/View.php(348): require()
#1 /var/project/yii2/vendor/yiisoft/yii2/base/View.php(257): yii\base\View->renderPhpFile()
#2 /var/project/yii2/vendor/yiisoft/yii2/base/Controller.php(425): yii\base\View->renderFile()
#3 /var/project/yii2/vendor/yiisoft/yii2/base/Controller.php(411): yii\base\Controller->renderContent()
#4 /var/project/yii2/controllers/SiteController.php(64): yii\base\Controller->render()
#5 [internal function]: app\controllers\SiteController->actionIndex()
#6 /var/project/yii2/vendor/yiisoft/yii2/base/InlineAction.php(57): call_user_func_array()
#7 /var/project/yii2/vendor/yiisoft/yii2/base/Controller.php(181): yii\base\InlineAction->runWithParams()
#8 /var/project/yii2/vendor/yiisoft/yii2/base/Module.php(534): yii\base\Controller->runAction()
#9 /var/project/yii2/vendor/yiisoft/yii2/web/Application.php(104): yii\base\Module->runAction()
#10 /var/project/yii2/vendor/yiisoft/yii2/base/Application.php(392): yii\web\Application->handleRequest()
#11 /var/project/yii2/web/index.php(12): yii\base\Application->run()
#12 {main}
2021-02-16 18:21:15 [127.0.0.1][-][-][info][application] $_GET = []

$_POST = []

$_FILES = []

$_COOKIE = [
    '_csrf' => '5e2576da3fc359f332b77acc4e3685e5bffbbbfe53ef50f1d76e76711886931da:2:{i:0;s:5:\"_csrf\";i:1;s:32:\"O89oIx7yJ6uKlNrrlvD7V-Y8zbkl1DLN\";}'
]

$_SERVER = [
    'USER' => 'www-data'
    'HOME' => '/var/www'
    'HTTP_COOKIE' => '_csrf=5e2576da3fc359f332b77acc4e3685e5bffbbbfe53ef50f1d76e76711886931da%3A2%3A%7Bi%3A0%3Bs%3A5%3A%22_csrf%22%3Bi%3A1%3Bs%3A32%3A%22O89oIx7yJ6uKlNrrlvD7V-Y8zbkl1DLN%22%3B%7D'
    'HTTP_ACCEPT_LANGUAGE' => 'ru-RU,ru;q=0.9,en-US;q=0.8,en;q=0.7,uk;q=0.6,de;q=0.5,eu;q=0.4'
    'HTTP_ACCEPT_ENCODING' => 'gzip, deflate'
    'HTTP_ACCEPT' => 'text/html,application/xhtml+xml,application/xml;q=0.9,image/avif,image/webp,image/apng,*/*;q=0.8,application/signed-exchange;v=b3;q=0.9'
    'HTTP_USER_AGENT' => 'Mozilla/5.0 (X11; Linux x86_64) AppleWebKit/537.36 (KHTML, like Gecko) Chrome/88.0.4324.150 Safari/537.36'
    'HTTP_UPGRADE_INSECURE_REQUESTS' => '1'
    'HTTP_CACHE_CONTROL' => 'max-age=0'
    'HTTP_CONNECTION' => 'keep-alive'
    'HTTP_HOST' => 'yii2'
    'SCRIPT_FILENAME' => '/var/project/yii2/web/index.php'
    'REDIRECT_STATUS' => '200'
    'SERVER_NAME' => 'yii2'
    'SERVER_PORT' => '80'
    'SERVER_ADDR' => '127.0.0.8'
    'REMOTE_PORT' => '52824'
    'REMOTE_ADDR' => '127.0.0.1'
    'SERVER_SOFTWARE' => 'nginx/1.18.0'
    'GATEWAY_INTERFACE' => 'CGI/1.1'
    'REQUEST_SCHEME' => 'http'
    'SERVER_PROTOCOL' => 'HTTP/1.1'
    'DOCUMENT_ROOT' => '/var/project/yii2/web'
    'DOCUMENT_URI' => '/index.php'
    'REQUEST_URI' => '/'
    'SCRIPT_NAME' => '/index.php'
    'CONTENT_LENGTH' => ''
    'CONTENT_TYPE' => ''
    'REQUEST_METHOD' => 'GET'
    'QUERY_STRING' => ''
    'FCGI_ROLE' => 'RESPONDER'
    'PHP_SELF' => '/index.php'
    'REQUEST_TIME_FLOAT' => 1613499675.3827
    'REQUEST_TIME' => 1613499675
]
2021-02-16 18:21:31 [127.0.0.1][-][-][error][Error] Error: Class 'yii\bootstrap\Widget' not found in /var/project/yii2/widgets/Alert.php:25
Stack trace:
#0 /var/project/yii2/vendor/yiisoft/yii2/BaseYii.php(293): include()
#1 [internal function]: yii\BaseYii::autoload()
#2 /var/project/yii2/views/layouts/main.php(65): spl_autoload_call()
#3 /var/project/yii2/vendor/yiisoft/yii2/base/View.php(348): require('/var/project/yi...')
#4 /var/project/yii2/vendor/yiisoft/yii2/base/View.php(257): yii\base\View->renderPhpFile()
#5 /var/project/yii2/vendor/yiisoft/yii2/base/Controller.php(425): yii\base\View->renderFile()
#6 /var/project/yii2/vendor/yiisoft/yii2/base/Controller.php(411): yii\base\Controller->renderContent()
#7 /var/project/yii2/controllers/SiteController.php(64): yii\base\Controller->render()
#8 [internal function]: app\controllers\SiteController->actionIndex()
#9 /var/project/yii2/vendor/yiisoft/yii2/base/InlineAction.php(57): call_user_func_array()
#10 /var/project/yii2/vendor/yiisoft/yii2/base/Controller.php(181): yii\base\InlineAction->runWithParams()
#11 /var/project/yii2/vendor/yiisoft/yii2/base/Module.php(534): yii\base\Controller->runAction()
#12 /var/project/yii2/vendor/yiisoft/yii2/web/Application.php(104): yii\base\Module->runAction()
#13 /var/project/yii2/vendor/yiisoft/yii2/base/Application.php(392): yii\web\Application->handleRequest()
#14 /var/project/yii2/web/index.php(12): yii\base\Application->run()
#15 {main}
2021-02-16 18:21:31 [127.0.0.1][-][-][info][application] $_GET = []

$_POST = []

$_FILES = []

$_COOKIE = [
    '_csrf' => '5e2576da3fc359f332b77acc4e3685e5bffbbbfe53ef50f1d76e76711886931da:2:{i:0;s:5:\"_csrf\";i:1;s:32:\"O89oIx7yJ6uKlNrrlvD7V-Y8zbkl1DLN\";}'
]

$_SERVER = [
    'USER' => 'www-data'
    'HOME' => '/var/www'
    'HTTP_COOKIE' => '_csrf=5e2576da3fc359f332b77acc4e3685e5bffbbbfe53ef50f1d76e76711886931da%3A2%3A%7Bi%3A0%3Bs%3A5%3A%22_csrf%22%3Bi%3A1%3Bs%3A32%3A%22O89oIx7yJ6uKlNrrlvD7V-Y8zbkl1DLN%22%3B%7D'
    'HTTP_ACCEPT_LANGUAGE' => 'ru-RU,ru;q=0.9,en-US;q=0.8,en;q=0.7,uk;q=0.6,de;q=0.5,eu;q=0.4'
    'HTTP_ACCEPT_ENCODING' => 'gzip, deflate'
    'HTTP_ACCEPT' => 'text/html,application/xhtml+xml,application/xml;q=0.9,image/avif,image/webp,image/apng,*/*;q=0.8,application/signed-exchange;v=b3;q=0.9'
    'HTTP_USER_AGENT' => 'Mozilla/5.0 (X11; Linux x86_64) AppleWebKit/537.36 (KHTML, like Gecko) Chrome/88.0.4324.150 Safari/537.36'
    'HTTP_UPGRADE_INSECURE_REQUESTS' => '1'
    'HTTP_CACHE_CONTROL' => 'max-age=0'
    'HTTP_CONNECTION' => 'keep-alive'
    'HTTP_HOST' => 'yii2'
    'SCRIPT_FILENAME' => '/var/project/yii2/web/index.php'
    'REDIRECT_STATUS' => '200'
    'SERVER_NAME' => 'yii2'
    'SERVER_PORT' => '80'
    'SERVER_ADDR' => '127.0.0.8'
    'REMOTE_PORT' => '52824'
    'REMOTE_ADDR' => '127.0.0.1'
    'SERVER_SOFTWARE' => 'nginx/1.18.0'
    'GATEWAY_INTERFACE' => 'CGI/1.1'
    'REQUEST_SCHEME' => 'http'
    'SERVER_PROTOCOL' => 'HTTP/1.1'
    'DOCUMENT_ROOT' => '/var/project/yii2/web'
    'DOCUMENT_URI' => '/index.php'
    'REQUEST_URI' => '/'
    'SCRIPT_NAME' => '/index.php'
    'CONTENT_LENGTH' => ''
    'CONTENT_TYPE' => ''
    'REQUEST_METHOD' => 'GET'
    'QUERY_STRING' => ''
    'FCGI_ROLE' => 'RESPONDER'
    'PHP_SELF' => '/index.php'
    'REQUEST_TIME_FLOAT' => 1613499691.6108
    'REQUEST_TIME' => 1613499691
]
2021-03-01 17:45:50 [127.0.0.1][-][-][error][yii\web\HttpException:404] yii\base\InvalidRouteException: Unable to resolve the request "". in /var/project/yii2/vendor/yiisoft/yii2/base/Module.php:543
Stack trace:
#0 /var/project/yii2/vendor/yiisoft/yii2/web/Application.php(104): yii\base\Module->runAction()
#1 /var/project/yii2/vendor/yiisoft/yii2/base/Application.php(392): yii\web\Application->handleRequest()
#2 /var/project/yii2/web/index.php(12): yii\base\Application->run()
#3 {main}

Next yii\web\NotFoundHttpException: Page not found. in /var/project/yii2/vendor/yiisoft/yii2/web/Application.php:116
Stack trace:
#0 /var/project/yii2/vendor/yiisoft/yii2/base/Application.php(392): yii\web\Application->handleRequest()
#1 /var/project/yii2/web/index.php(12): yii\base\Application->run()
#2 {main}
2021-03-01 17:45:50 [127.0.0.1][-][-][info][application] $_GET = []

$_POST = []

$_FILES = []

$_COOKIE = [
    '_csrf' => '5e2576da3fc359f332b77acc4e3685e5bffbbbfe53ef50f1d76e76711886931da:2:{i:0;s:5:\"_csrf\";i:1;s:32:\"O89oIx7yJ6uKlNrrlvD7V-Y8zbkl1DLN\";}'
    'PHPSESSID' => 'e27rlorlr14olkl0tvl7j7o0m6'
]

$_SESSION = [
    '__flash' => []
]

$_SERVER = [
    'USER' => 'www-data'
    'HOME' => '/var/www'
    'HTTP_COOKIE' => '_csrf=5e2576da3fc359f332b77acc4e3685e5bffbbbfe53ef50f1d76e76711886931da%3A2%3A%7Bi%3A0%3Bs%3A5%3A%22_csrf%22%3Bi%3A1%3Bs%3A32%3A%22O89oIx7yJ6uKlNrrlvD7V-Y8zbkl1DLN%22%3B%7D; PHPSESSID=e27rlorlr14olkl0tvl7j7o0m6'
    'HTTP_ACCEPT_LANGUAGE' => 'ru-RU,ru;q=0.9,en-US;q=0.8,en;q=0.7,uk;q=0.6,de;q=0.5,eu;q=0.4'
    'HTTP_ACCEPT_ENCODING' => 'gzip, deflate'
    'HTTP_ACCEPT' => 'text/html,application/xhtml+xml,application/xml;q=0.9,image/avif,image/webp,image/apng,*/*;q=0.8,application/signed-exchange;v=b3;q=0.9'
    'HTTP_USER_AGENT' => 'Mozilla/5.0 (X11; Linux x86_64) AppleWebKit/537.36 (KHTML, like Gecko) Chrome/88.0.4324.182 Safari/537.36'
    'HTTP_UPGRADE_INSECURE_REQUESTS' => '1'
    'HTTP_CACHE_CONTROL' => 'max-age=0'
    'HTTP_CONNECTION' => 'keep-alive'
    'HTTP_HOST' => 'yii2'
    'SCRIPT_FILENAME' => '/var/project/yii2/web/index.php'
    'REDIRECT_STATUS' => '200'
    'SERVER_NAME' => 'yii2'
    'SERVER_PORT' => '80'
    'SERVER_ADDR' => '127.0.0.8'
    'REMOTE_PORT' => '54770'
    'REMOTE_ADDR' => '127.0.0.1'
    'SERVER_SOFTWARE' => 'nginx/1.18.0'
    'GATEWAY_INTERFACE' => 'CGI/1.1'
    'REQUEST_SCHEME' => 'http'
    'SERVER_PROTOCOL' => 'HTTP/1.1'
    'DOCUMENT_ROOT' => '/var/project/yii2/web'
    'DOCUMENT_URI' => '/index.php'
    'REQUEST_URI' => '/'
    'SCRIPT_NAME' => '/index.php'
    'CONTENT_LENGTH' => ''
    'CONTENT_TYPE' => ''
    'REQUEST_METHOD' => 'GET'
    'QUERY_STRING' => ''
    'FCGI_ROLE' => 'RESPONDER'
    'PHP_SELF' => '/index.php'
    'REQUEST_TIME_FLOAT' => 1614620750.1284
    'REQUEST_TIME' => 1614620750
]
2021-03-01 17:54:23 [127.0.0.1][-][-][error][yii\web\HttpException:404] yii\base\InvalidRouteException: Unable to resolve the request "". in /var/project/yii2/vendor/yiisoft/yii2/base/Module.php:543
Stack trace:
#0 /var/project/yii2/vendor/yiisoft/yii2/web/Application.php(104): yii\base\Module->runAction()
#1 /var/project/yii2/vendor/yiisoft/yii2/base/Application.php(392): yii\web\Application->handleRequest()
#2 /var/project/yii2/web/index.php(12): yii\base\Application->run()
#3 {main}

Next yii\web\NotFoundHttpException: Page not found. in /var/project/yii2/vendor/yiisoft/yii2/web/Application.php:116
Stack trace:
#0 /var/project/yii2/vendor/yiisoft/yii2/base/Application.php(392): yii\web\Application->handleRequest()
#1 /var/project/yii2/web/index.php(12): yii\base\Application->run()
#2 {main}
2021-03-01 17:54:23 [127.0.0.1][-][-][info][application] $_GET = []

$_POST = []

$_FILES = []

$_COOKIE = [
    '_csrf' => '5e2576da3fc359f332b77acc4e3685e5bffbbbfe53ef50f1d76e76711886931da:2:{i:0;s:5:\"_csrf\";i:1;s:32:\"O89oIx7yJ6uKlNrrlvD7V-Y8zbkl1DLN\";}'
    'PHPSESSID' => 'e27rlorlr14olkl0tvl7j7o0m6'
]

$_SESSION = [
    '__flash' => []
]

$_SERVER = [
    'USER' => 'www-data'
    'HOME' => '/var/www'
    'HTTP_COOKIE' => '_csrf=5e2576da3fc359f332b77acc4e3685e5bffbbbfe53ef50f1d76e76711886931da%3A2%3A%7Bi%3A0%3Bs%3A5%3A%22_csrf%22%3Bi%3A1%3Bs%3A32%3A%22O89oIx7yJ6uKlNrrlvD7V-Y8zbkl1DLN%22%3B%7D; PHPSESSID=e27rlorlr14olkl0tvl7j7o0m6'
    'HTTP_ACCEPT_LANGUAGE' => 'ru-RU,ru;q=0.9,en-US;q=0.8,en;q=0.7,uk;q=0.6,de;q=0.5,eu;q=0.4'
    'HTTP_ACCEPT_ENCODING' => 'gzip, deflate'
    'HTTP_ACCEPT' => 'text/html,application/xhtml+xml,application/xml;q=0.9,image/avif,image/webp,image/apng,*/*;q=0.8,application/signed-exchange;v=b3;q=0.9'
    'HTTP_USER_AGENT' => 'Mozilla/5.0 (X11; Linux x86_64) AppleWebKit/537.36 (KHTML, like Gecko) Chrome/88.0.4324.182 Safari/537.36'
    'HTTP_UPGRADE_INSECURE_REQUESTS' => '1'
    'HTTP_CACHE_CONTROL' => 'max-age=0'
    'HTTP_CONNECTION' => 'keep-alive'
    'HTTP_HOST' => 'yii2'
    'SCRIPT_FILENAME' => '/var/project/yii2/web/index.php'
    'REDIRECT_STATUS' => '200'
    'SERVER_NAME' => 'yii2'
    'SERVER_PORT' => '80'
    'SERVER_ADDR' => '127.0.0.8'
    'REMOTE_PORT' => '54790'
    'REMOTE_ADDR' => '127.0.0.1'
    'SERVER_SOFTWARE' => 'nginx/1.18.0'
    'GATEWAY_INTERFACE' => 'CGI/1.1'
    'REQUEST_SCHEME' => 'http'
    'SERVER_PROTOCOL' => 'HTTP/1.1'
    'DOCUMENT_ROOT' => '/var/project/yii2/web'
    'DOCUMENT_URI' => '/index.php'
    'REQUEST_URI' => '/'
    'SCRIPT_NAME' => '/index.php'
    'CONTENT_LENGTH' => ''
    'CONTENT_TYPE' => ''
    'REQUEST_METHOD' => 'GET'
    'QUERY_STRING' => ''
    'FCGI_ROLE' => 'RESPONDER'
    'PHP_SELF' => '/index.php'
    'REQUEST_TIME_FLOAT' => 1614621263.8856
    'REQUEST_TIME' => 1614621263
]
2021-03-01 17:55:12 [127.0.0.1][-][-][error][yii\web\HttpException:404] yii\base\InvalidRouteException: Unable to resolve the request "". in /var/project/yii2/vendor/yiisoft/yii2/base/Module.php:543
Stack trace:
#0 /var/project/yii2/vendor/yiisoft/yii2/web/Application.php(104): yii\base\Module->runAction()
#1 /var/project/yii2/vendor/yiisoft/yii2/base/Application.php(392): yii\web\Application->handleRequest()
#2 /var/project/yii2/web/index.php(12): yii\base\Application->run()
#3 {main}

Next yii\web\NotFoundHttpException: Page not found. in /var/project/yii2/vendor/yiisoft/yii2/web/Application.php:116
Stack trace:
#0 /var/project/yii2/vendor/yiisoft/yii2/base/Application.php(392): yii\web\Application->handleRequest()
#1 /var/project/yii2/web/index.php(12): yii\base\Application->run()
#2 {main}
2021-03-01 17:55:12 [127.0.0.1][-][-][info][application] $_GET = []

$_POST = []

$_FILES = []

$_COOKIE = [
    '_csrf' => '5e2576da3fc359f332b77acc4e3685e5bffbbbfe53ef50f1d76e76711886931da:2:{i:0;s:5:\"_csrf\";i:1;s:32:\"O89oIx7yJ6uKlNrrlvD7V-Y8zbkl1DLN\";}'
    'PHPSESSID' => 'e27rlorlr14olkl0tvl7j7o0m6'
]

$_SESSION = [
    '__flash' => []
]

$_SERVER = [
    'USER' => 'www-data'
    'HOME' => '/var/www'
    'HTTP_COOKIE' => '_csrf=5e2576da3fc359f332b77acc4e3685e5bffbbbfe53ef50f1d76e76711886931da%3A2%3A%7Bi%3A0%3Bs%3A5%3A%22_csrf%22%3Bi%3A1%3Bs%3A32%3A%22O89oIx7yJ6uKlNrrlvD7V-Y8zbkl1DLN%22%3B%7D; PHPSESSID=e27rlorlr14olkl0tvl7j7o0m6'
    'HTTP_ACCEPT_LANGUAGE' => 'ru-RU,ru;q=0.9,en-US;q=0.8,en;q=0.7,uk;q=0.6,de;q=0.5,eu;q=0.4'
    'HTTP_ACCEPT_ENCODING' => 'gzip, deflate'
    'HTTP_ACCEPT' => 'text/html,application/xhtml+xml,application/xml;q=0.9,image/avif,image/webp,image/apng,*/*;q=0.8,application/signed-exchange;v=b3;q=0.9'
    'HTTP_USER_AGENT' => 'Mozilla/5.0 (X11; Linux x86_64) AppleWebKit/537.36 (KHTML, like Gecko) Chrome/88.0.4324.182 Safari/537.36'
    'HTTP_UPGRADE_INSECURE_REQUESTS' => '1'
    'HTTP_CACHE_CONTROL' => 'max-age=0'
    'HTTP_CONNECTION' => 'keep-alive'
    'HTTP_HOST' => 'yii2'
    'SCRIPT_FILENAME' => '/var/project/yii2/web/index.php'
    'REDIRECT_STATUS' => '200'
    'SERVER_NAME' => 'yii2'
    'SERVER_PORT' => '80'
    'SERVER_ADDR' => '127.0.0.8'
    'REMOTE_PORT' => '54790'
    'REMOTE_ADDR' => '127.0.0.1'
    'SERVER_SOFTWARE' => 'nginx/1.18.0'
    'GATEWAY_INTERFACE' => 'CGI/1.1'
    'REQUEST_SCHEME' => 'http'
    'SERVER_PROTOCOL' => 'HTTP/1.1'
    'DOCUMENT_ROOT' => '/var/project/yii2/web'
    'DOCUMENT_URI' => '/index.php'
    'REQUEST_URI' => '/'
    'SCRIPT_NAME' => '/index.php'
    'CONTENT_LENGTH' => ''
    'CONTENT_TYPE' => ''
    'REQUEST_METHOD' => 'GET'
    'QUERY_STRING' => ''
    'FCGI_ROLE' => 'RESPONDER'
    'PHP_SELF' => '/index.php'
    'REQUEST_TIME_FLOAT' => 1614621312.2182
    'REQUEST_TIME' => 1614621312
]
2021-03-01 17:55:44 [127.0.0.1][-][-][error][yii\web\HttpException:404] yii\base\InvalidRouteException: Unable to resolve the request "". in /var/project/yii2/vendor/yiisoft/yii2/base/Module.php:543
Stack trace:
#0 /var/project/yii2/vendor/yiisoft/yii2/web/Application.php(104): yii\base\Module->runAction()
#1 /var/project/yii2/vendor/yiisoft/yii2/base/Application.php(392): yii\web\Application->handleRequest()
#2 /var/project/yii2/web/index.php(12): yii\base\Application->run()
#3 {main}

Next yii\web\NotFoundHttpException: Page not found. in /var/project/yii2/vendor/yiisoft/yii2/web/Application.php:116
Stack trace:
#0 /var/project/yii2/vendor/yiisoft/yii2/base/Application.php(392): yii\web\Application->handleRequest()
#1 /var/project/yii2/web/index.php(12): yii\base\Application->run()
#2 {main}
2021-03-01 17:55:44 [127.0.0.1][-][-][info][application] $_GET = []

$_POST = []

$_FILES = []

$_COOKIE = [
    '_csrf' => '5e2576da3fc359f332b77acc4e3685e5bffbbbfe53ef50f1d76e76711886931da:2:{i:0;s:5:\"_csrf\";i:1;s:32:\"O89oIx7yJ6uKlNrrlvD7V-Y8zbkl1DLN\";}'
    'PHPSESSID' => 'e27rlorlr14olkl0tvl7j7o0m6'
]

$_SESSION = [
    '__flash' => []
]

$_SERVER = [
    'USER' => 'www-data'
    'HOME' => '/var/www'
    'HTTP_COOKIE' => '_csrf=5e2576da3fc359f332b77acc4e3685e5bffbbbfe53ef50f1d76e76711886931da%3A2%3A%7Bi%3A0%3Bs%3A5%3A%22_csrf%22%3Bi%3A1%3Bs%3A32%3A%22O89oIx7yJ6uKlNrrlvD7V-Y8zbkl1DLN%22%3B%7D; PHPSESSID=e27rlorlr14olkl0tvl7j7o0m6'
    'HTTP_ACCEPT_LANGUAGE' => 'ru-RU,ru;q=0.9,en-US;q=0.8,en;q=0.7,uk;q=0.6,de;q=0.5,eu;q=0.4'
    'HTTP_ACCEPT_ENCODING' => 'gzip, deflate'
    'HTTP_ACCEPT' => 'text/html,application/xhtml+xml,application/xml;q=0.9,image/avif,image/webp,image/apng,*/*;q=0.8,application/signed-exchange;v=b3;q=0.9'
    'HTTP_USER_AGENT' => 'Mozilla/5.0 (X11; Linux x86_64) AppleWebKit/537.36 (KHTML, like Gecko) Chrome/88.0.4324.182 Safari/537.36'
    'HTTP_UPGRADE_INSECURE_REQUESTS' => '1'
    'HTTP_CACHE_CONTROL' => 'max-age=0'
    'HTTP_CONNECTION' => 'keep-alive'
    'HTTP_HOST' => 'yii2'
    'SCRIPT_FILENAME' => '/var/project/yii2/web/index.php'
    'REDIRECT_STATUS' => '200'
    'SERVER_NAME' => 'yii2'
    'SERVER_PORT' => '80'
    'SERVER_ADDR' => '127.0.0.8'
    'REMOTE_PORT' => '54790'
    'REMOTE_ADDR' => '127.0.0.1'
    'SERVER_SOFTWARE' => 'nginx/1.18.0'
    'GATEWAY_INTERFACE' => 'CGI/1.1'
    'REQUEST_SCHEME' => 'http'
    'SERVER_PROTOCOL' => 'HTTP/1.1'
    'DOCUMENT_ROOT' => '/var/project/yii2/web'
    'DOCUMENT_URI' => '/index.php'
    'REQUEST_URI' => '/'
    'SCRIPT_NAME' => '/index.php'
    'CONTENT_LENGTH' => ''
    'CONTENT_TYPE' => ''
    'REQUEST_METHOD' => 'GET'
    'QUERY_STRING' => ''
    'FCGI_ROLE' => 'RESPONDER'
    'PHP_SELF' => '/index.php'
    'REQUEST_TIME_FLOAT' => 1614621344.6652
    'REQUEST_TIME' => 1614621344
]
2021-03-01 17:57:44 [127.0.0.1][-][-][error][yii\web\HttpException:404] yii\base\InvalidRouteException: Unable to resolve the request "". in /var/project/yii2/vendor/yiisoft/yii2/base/Module.php:543
Stack trace:
#0 /var/project/yii2/vendor/yiisoft/yii2/web/Application.php(104): yii\base\Module->runAction()
#1 /var/project/yii2/vendor/yiisoft/yii2/base/Application.php(392): yii\web\Application->handleRequest()
#2 /var/project/yii2/web/index.php(12): yii\base\Application->run()
#3 {main}

Next yii\web\NotFoundHttpException: Page not found. in /var/project/yii2/vendor/yiisoft/yii2/web/Application.php:116
Stack trace:
#0 /var/project/yii2/vendor/yiisoft/yii2/base/Application.php(392): yii\web\Application->handleRequest()
#1 /var/project/yii2/web/index.php(12): yii\base\Application->run()
#2 {main}
2021-03-01 17:57:44 [127.0.0.1][-][-][info][application] $_GET = []

$_POST = []

$_FILES = []

$_COOKIE = [
    '_csrf' => '5e2576da3fc359f332b77acc4e3685e5bffbbbfe53ef50f1d76e76711886931da:2:{i:0;s:5:\"_csrf\";i:1;s:32:\"O89oIx7yJ6uKlNrrlvD7V-Y8zbkl1DLN\";}'
    'PHPSESSID' => 'e27rlorlr14olkl0tvl7j7o0m6'
]

$_SESSION = [
    '__flash' => []
]

$_SERVER = [
    'USER' => 'www-data'
    'HOME' => '/var/www'
    'HTTP_COOKIE' => '_csrf=5e2576da3fc359f332b77acc4e3685e5bffbbbfe53ef50f1d76e76711886931da%3A2%3A%7Bi%3A0%3Bs%3A5%3A%22_csrf%22%3Bi%3A1%3Bs%3A32%3A%22O89oIx7yJ6uKlNrrlvD7V-Y8zbkl1DLN%22%3B%7D; PHPSESSID=e27rlorlr14olkl0tvl7j7o0m6'
    'HTTP_ACCEPT_LANGUAGE' => 'ru-RU,ru;q=0.9,en-US;q=0.8,en;q=0.7,uk;q=0.6,de;q=0.5,eu;q=0.4'
    'HTTP_ACCEPT_ENCODING' => 'gzip, deflate'
    'HTTP_ACCEPT' => 'text/html,application/xhtml+xml,application/xml;q=0.9,image/avif,image/webp,image/apng,*/*;q=0.8,application/signed-exchange;v=b3;q=0.9'
    'HTTP_USER_AGENT' => 'Mozilla/5.0 (X11; Linux x86_64) AppleWebKit/537.36 (KHTML, like Gecko) Chrome/88.0.4324.182 Safari/537.36'
    'HTTP_UPGRADE_INSECURE_REQUESTS' => '1'
    'HTTP_CACHE_CONTROL' => 'max-age=0'
    'HTTP_CONNECTION' => 'keep-alive'
    'HTTP_HOST' => 'yii2'
    'SCRIPT_FILENAME' => '/var/project/yii2/web/index.php'
    'REDIRECT_STATUS' => '200'
    'SERVER_NAME' => 'yii2'
    'SERVER_PORT' => '80'
    'SERVER_ADDR' => '127.0.0.8'
    'REMOTE_PORT' => '54804'
    'REMOTE_ADDR' => '127.0.0.1'
    'SERVER_SOFTWARE' => 'nginx/1.18.0'
    'GATEWAY_INTERFACE' => 'CGI/1.1'
    'REQUEST_SCHEME' => 'http'
    'SERVER_PROTOCOL' => 'HTTP/1.1'
    'DOCUMENT_ROOT' => '/var/project/yii2/web'
    'DOCUMENT_URI' => '/index.php'
    'REQUEST_URI' => '/'
    'SCRIPT_NAME' => '/index.php'
    'CONTENT_LENGTH' => ''
    'CONTENT_TYPE' => ''
    'REQUEST_METHOD' => 'GET'
    'QUERY_STRING' => ''
    'FCGI_ROLE' => 'RESPONDER'
    'PHP_SELF' => '/index.php'
    'REQUEST_TIME_FLOAT' => 1614621464.9915
    'REQUEST_TIME' => 1614621464
]
2021-03-01 17:58:01 [127.0.0.1][-][-][error][yii\web\HttpException:404] yii\base\InvalidRouteException: Unable to resolve the request "". in /var/project/yii2/vendor/yiisoft/yii2/base/Module.php:543
Stack trace:
#0 /var/project/yii2/vendor/yiisoft/yii2/web/Application.php(104): yii\base\Module->runAction()
#1 /var/project/yii2/vendor/yiisoft/yii2/base/Application.php(392): yii\web\Application->handleRequest()
#2 /var/project/yii2/web/index.php(12): yii\base\Application->run()
#3 {main}

Next yii\web\NotFoundHttpException: Page not found. in /var/project/yii2/vendor/yiisoft/yii2/web/Application.php:116
Stack trace:
#0 /var/project/yii2/vendor/yiisoft/yii2/base/Application.php(392): yii\web\Application->handleRequest()
#1 /var/project/yii2/web/index.php(12): yii\base\Application->run()
#2 {main}
2021-03-01 17:58:01 [127.0.0.1][-][-][info][application] $_GET = []

$_POST = []

$_FILES = []

$_COOKIE = [
    '_csrf' => '5e2576da3fc359f332b77acc4e3685e5bffbbbfe53ef50f1d76e76711886931da:2:{i:0;s:5:\"_csrf\";i:1;s:32:\"O89oIx7yJ6uKlNrrlvD7V-Y8zbkl1DLN\";}'
    'PHPSESSID' => 'e27rlorlr14olkl0tvl7j7o0m6'
]

$_SESSION = [
    '__flash' => []
]

$_SERVER = [
    'USER' => 'www-data'
    'HOME' => '/var/www'
    'HTTP_COOKIE' => '_csrf=5e2576da3fc359f332b77acc4e3685e5bffbbbfe53ef50f1d76e76711886931da%3A2%3A%7Bi%3A0%3Bs%3A5%3A%22_csrf%22%3Bi%3A1%3Bs%3A32%3A%22O89oIx7yJ6uKlNrrlvD7V-Y8zbkl1DLN%22%3B%7D; PHPSESSID=e27rlorlr14olkl0tvl7j7o0m6'
    'HTTP_ACCEPT_LANGUAGE' => 'ru-RU,ru;q=0.9,en-US;q=0.8,en;q=0.7,uk;q=0.6,de;q=0.5,eu;q=0.4'
    'HTTP_ACCEPT_ENCODING' => 'gzip, deflate'
    'HTTP_ACCEPT' => 'text/html,application/xhtml+xml,application/xml;q=0.9,image/avif,image/webp,image/apng,*/*;q=0.8,application/signed-exchange;v=b3;q=0.9'
    'HTTP_USER_AGENT' => 'Mozilla/5.0 (X11; Linux x86_64) AppleWebKit/537.36 (KHTML, like Gecko) Chrome/88.0.4324.182 Safari/537.36'
    'HTTP_UPGRADE_INSECURE_REQUESTS' => '1'
    'HTTP_CACHE_CONTROL' => 'max-age=0'
    'HTTP_CONNECTION' => 'keep-alive'
    'HTTP_HOST' => 'yii2'
    'SCRIPT_FILENAME' => '/var/project/yii2/web/index.php'
    'REDIRECT_STATUS' => '200'
    'SERVER_NAME' => 'yii2'
    'SERVER_PORT' => '80'
    'SERVER_ADDR' => '127.0.0.8'
    'REMOTE_PORT' => '54804'
    'REMOTE_ADDR' => '127.0.0.1'
    'SERVER_SOFTWARE' => 'nginx/1.18.0'
    'GATEWAY_INTERFACE' => 'CGI/1.1'
    'REQUEST_SCHEME' => 'http'
    'SERVER_PROTOCOL' => 'HTTP/1.1'
    'DOCUMENT_ROOT' => '/var/project/yii2/web'
    'DOCUMENT_URI' => '/index.php'
    'REQUEST_URI' => '/'
    'SCRIPT_NAME' => '/index.php'
    'CONTENT_LENGTH' => ''
    'CONTENT_TYPE' => ''
    'REQUEST_METHOD' => 'GET'
    'QUERY_STRING' => ''
    'FCGI_ROLE' => 'RESPONDER'
    'PHP_SELF' => '/index.php'
    'REQUEST_TIME_FLOAT' => 1614621481.7425
    'REQUEST_TIME' => 1614621481
]
2021-03-01 17:59:27 [127.0.0.1][-][-][error][yii\web\HttpException:404] yii\base\InvalidRouteException: Unable to resolve the request "". in /var/project/yii2/vendor/yiisoft/yii2/base/Module.php:543
Stack trace:
#0 /var/project/yii2/vendor/yiisoft/yii2/web/Application.php(104): yii\base\Module->runAction()
#1 /var/project/yii2/vendor/yiisoft/yii2/base/Application.php(392): yii\web\Application->handleRequest()
#2 /var/project/yii2/web/index.php(12): yii\base\Application->run()
#3 {main}

Next yii\web\NotFoundHttpException: Page not found. in /var/project/yii2/vendor/yiisoft/yii2/web/Application.php:116
Stack trace:
#0 /var/project/yii2/vendor/yiisoft/yii2/base/Application.php(392): yii\web\Application->handleRequest()
#1 /var/project/yii2/web/index.php(12): yii\base\Application->run()
#2 {main}
2021-03-01 17:59:27 [127.0.0.1][-][-][info][application] $_GET = []

$_POST = []

$_FILES = []

$_COOKIE = [
    '_csrf' => '5e2576da3fc359f332b77acc4e3685e5bffbbbfe53ef50f1d76e76711886931da:2:{i:0;s:5:\"_csrf\";i:1;s:32:\"O89oIx7yJ6uKlNrrlvD7V-Y8zbkl1DLN\";}'
    'PHPSESSID' => 'e27rlorlr14olkl0tvl7j7o0m6'
]

$_SESSION = [
    '__flash' => []
]

$_SERVER = [
    'USER' => 'www-data'
    'HOME' => '/var/www'
    'HTTP_COOKIE' => '_csrf=5e2576da3fc359f332b77acc4e3685e5bffbbbfe53ef50f1d76e76711886931da%3A2%3A%7Bi%3A0%3Bs%3A5%3A%22_csrf%22%3Bi%3A1%3Bs%3A32%3A%22O89oIx7yJ6uKlNrrlvD7V-Y8zbkl1DLN%22%3B%7D; PHPSESSID=e27rlorlr14olkl0tvl7j7o0m6'
    'HTTP_ACCEPT_LANGUAGE' => 'ru-RU,ru;q=0.9,en-US;q=0.8,en;q=0.7,uk;q=0.6,de;q=0.5,eu;q=0.4'
    'HTTP_ACCEPT_ENCODING' => 'gzip, deflate'
    'HTTP_ACCEPT' => 'text/html,application/xhtml+xml,application/xml;q=0.9,image/avif,image/webp,image/apng,*/*;q=0.8,application/signed-exchange;v=b3;q=0.9'
    'HTTP_USER_AGENT' => 'Mozilla/5.0 (X11; Linux x86_64) AppleWebKit/537.36 (KHTML, like Gecko) Chrome/88.0.4324.182 Safari/537.36'
    'HTTP_UPGRADE_INSECURE_REQUESTS' => '1'
    'HTTP_CACHE_CONTROL' => 'max-age=0'
    'HTTP_CONNECTION' => 'keep-alive'
    'HTTP_HOST' => 'yii2'
    'SCRIPT_FILENAME' => '/var/project/yii2/web/index.php'
    'REDIRECT_STATUS' => '200'
    'SERVER_NAME' => 'yii2'
    'SERVER_PORT' => '80'
    'SERVER_ADDR' => '127.0.0.8'
    'REMOTE_PORT' => '54816'
    'REMOTE_ADDR' => '127.0.0.1'
    'SERVER_SOFTWARE' => 'nginx/1.18.0'
    'GATEWAY_INTERFACE' => 'CGI/1.1'
    'REQUEST_SCHEME' => 'http'
    'SERVER_PROTOCOL' => 'HTTP/1.1'
    'DOCUMENT_ROOT' => '/var/project/yii2/web'
    'DOCUMENT_URI' => '/index.php'
    'REQUEST_URI' => '/'
    'SCRIPT_NAME' => '/index.php'
    'CONTENT_LENGTH' => ''
    'CONTENT_TYPE' => ''
    'REQUEST_METHOD' => 'GET'
    'QUERY_STRING' => ''
    'FCGI_ROLE' => 'RESPONDER'
    'PHP_SELF' => '/index.php'
    'REQUEST_TIME_FLOAT' => 1614621567.6925
    'REQUEST_TIME' => 1614621567
]
2021-03-01 18:04:29 [127.0.0.1][-][-][error][yii\web\HttpException:404] yii\base\InvalidRouteException: Unable to resolve the request "". in /var/project/yii2/vendor/yiisoft/yii2/base/Module.php:543
Stack trace:
#0 /var/project/yii2/vendor/yiisoft/yii2/web/Application.php(104): yii\base\Module->runAction()
#1 /var/project/yii2/vendor/yiisoft/yii2/base/Application.php(392): yii\web\Application->handleRequest()
#2 /var/project/yii2/web/index.php(12): yii\base\Application->run()
#3 {main}

Next yii\web\NotFoundHttpException: Page not found. in /var/project/yii2/vendor/yiisoft/yii2/web/Application.php:116
Stack trace:
#0 /var/project/yii2/vendor/yiisoft/yii2/base/Application.php(392): yii\web\Application->handleRequest()
#1 /var/project/yii2/web/index.php(12): yii\base\Application->run()
#2 {main}
2021-03-01 18:04:29 [127.0.0.1][-][-][info][application] $_GET = []

$_POST = []

$_FILES = []

$_COOKIE = [
    '_csrf' => '5e2576da3fc359f332b77acc4e3685e5bffbbbfe53ef50f1d76e76711886931da:2:{i:0;s:5:\"_csrf\";i:1;s:32:\"O89oIx7yJ6uKlNrrlvD7V-Y8zbkl1DLN\";}'
    'PHPSESSID' => 'e27rlorlr14olkl0tvl7j7o0m6'
]

$_SESSION = [
    '__flash' => []
]

$_SERVER = [
    'USER' => 'www-data'
    'HOME' => '/var/www'
    'HTTP_COOKIE' => '_csrf=5e2576da3fc359f332b77acc4e3685e5bffbbbfe53ef50f1d76e76711886931da%3A2%3A%7Bi%3A0%3Bs%3A5%3A%22_csrf%22%3Bi%3A1%3Bs%3A32%3A%22O89oIx7yJ6uKlNrrlvD7V-Y8zbkl1DLN%22%3B%7D; PHPSESSID=e27rlorlr14olkl0tvl7j7o0m6'
    'HTTP_ACCEPT_LANGUAGE' => 'ru-RU,ru;q=0.9,en-US;q=0.8,en;q=0.7,uk;q=0.6,de;q=0.5,eu;q=0.4'
    'HTTP_ACCEPT_ENCODING' => 'gzip, deflate'
    'HTTP_ACCEPT' => 'text/html,application/xhtml+xml,application/xml;q=0.9,image/avif,image/webp,image/apng,*/*;q=0.8,application/signed-exchange;v=b3;q=0.9'
    'HTTP_USER_AGENT' => 'Mozilla/5.0 (X11; Linux x86_64) AppleWebKit/537.36 (KHTML, like Gecko) Chrome/88.0.4324.182 Safari/537.36'
    'HTTP_UPGRADE_INSECURE_REQUESTS' => '1'
    'HTTP_CACHE_CONTROL' => 'max-age=0'
    'HTTP_CONNECTION' => 'keep-alive'
    'HTTP_HOST' => 'yii2'
    'SCRIPT_FILENAME' => '/var/project/yii2/web/index.php'
    'REDIRECT_STATUS' => '200'
    'SERVER_NAME' => 'yii2'
    'SERVER_PORT' => '80'
    'SERVER_ADDR' => '127.0.0.8'
    'REMOTE_PORT' => '54844'
    'REMOTE_ADDR' => '127.0.0.1'
    'SERVER_SOFTWARE' => 'nginx/1.18.0'
    'GATEWAY_INTERFACE' => 'CGI/1.1'
    'REQUEST_SCHEME' => 'http'
    'SERVER_PROTOCOL' => 'HTTP/1.1'
    'DOCUMENT_ROOT' => '/var/project/yii2/web'
    'DOCUMENT_URI' => '/index.php'
    'REQUEST_URI' => '/'
    'SCRIPT_NAME' => '/index.php'
    'CONTENT_LENGTH' => ''
    'CONTENT_TYPE' => ''
    'REQUEST_METHOD' => 'GET'
    'QUERY_STRING' => ''
    'FCGI_ROLE' => 'RESPONDER'
    'PHP_SELF' => '/index.php'
    'REQUEST_TIME_FLOAT' => 1614621869.4969
    'REQUEST_TIME' => 1614621869
]
2021-03-01 18:05:21 [127.0.0.1][-][-][error][yii\web\HttpException:404] yii\base\InvalidRouteException: Unable to resolve the request "". in /var/project/yii2/vendor/yiisoft/yii2/base/Module.php:543
Stack trace:
#0 /var/project/yii2/vendor/yiisoft/yii2/web/Application.php(104): yii\base\Module->runAction()
#1 /var/project/yii2/vendor/yiisoft/yii2/base/Application.php(392): yii\web\Application->handleRequest()
#2 /var/project/yii2/web/index.php(12): yii\base\Application->run()
#3 {main}

Next yii\web\NotFoundHttpException: Page not found. in /var/project/yii2/vendor/yiisoft/yii2/web/Application.php:116
Stack trace:
#0 /var/project/yii2/vendor/yiisoft/yii2/base/Application.php(392): yii\web\Application->handleRequest()
#1 /var/project/yii2/web/index.php(12): yii\base\Application->run()
#2 {main}
2021-03-01 18:05:21 [127.0.0.1][-][-][info][application] $_GET = []

$_POST = []

$_FILES = []

$_COOKIE = [
    '_csrf' => '5e2576da3fc359f332b77acc4e3685e5bffbbbfe53ef50f1d76e76711886931da:2:{i:0;s:5:\"_csrf\";i:1;s:32:\"O89oIx7yJ6uKlNrrlvD7V-Y8zbkl1DLN\";}'
    'PHPSESSID' => 'e27rlorlr14olkl0tvl7j7o0m6'
]

$_SESSION = [
    '__flash' => []
]

$_SERVER = [
    'USER' => 'www-data'
    'HOME' => '/var/www'
    'HTTP_COOKIE' => '_csrf=5e2576da3fc359f332b77acc4e3685e5bffbbbfe53ef50f1d76e76711886931da%3A2%3A%7Bi%3A0%3Bs%3A5%3A%22_csrf%22%3Bi%3A1%3Bs%3A32%3A%22O89oIx7yJ6uKlNrrlvD7V-Y8zbkl1DLN%22%3B%7D; PHPSESSID=e27rlorlr14olkl0tvl7j7o0m6'
    'HTTP_ACCEPT_LANGUAGE' => 'ru-RU,ru;q=0.9,en-US;q=0.8,en;q=0.7,uk;q=0.6,de;q=0.5,eu;q=0.4'
    'HTTP_ACCEPT_ENCODING' => 'gzip, deflate'
    'HTTP_ACCEPT' => 'text/html,application/xhtml+xml,application/xml;q=0.9,image/avif,image/webp,image/apng,*/*;q=0.8,application/signed-exchange;v=b3;q=0.9'
    'HTTP_USER_AGENT' => 'Mozilla/5.0 (X11; Linux x86_64) AppleWebKit/537.36 (KHTML, like Gecko) Chrome/88.0.4324.182 Safari/537.36'
    'HTTP_UPGRADE_INSECURE_REQUESTS' => '1'
    'HTTP_CACHE_CONTROL' => 'max-age=0'
    'HTTP_CONNECTION' => 'keep-alive'
    'HTTP_HOST' => 'yii2'
    'SCRIPT_FILENAME' => '/var/project/yii2/web/index.php'
    'REDIRECT_STATUS' => '200'
    'SERVER_NAME' => 'yii2'
    'SERVER_PORT' => '80'
    'SERVER_ADDR' => '127.0.0.8'
    'REMOTE_PORT' => '54844'
    'REMOTE_ADDR' => '127.0.0.1'
    'SERVER_SOFTWARE' => 'nginx/1.18.0'
    'GATEWAY_INTERFACE' => 'CGI/1.1'
    'REQUEST_SCHEME' => 'http'
    'SERVER_PROTOCOL' => 'HTTP/1.1'
    'DOCUMENT_ROOT' => '/var/project/yii2/web'
    'DOCUMENT_URI' => '/index.php'
    'REQUEST_URI' => '/'
    'SCRIPT_NAME' => '/index.php'
    'CONTENT_LENGTH' => ''
    'CONTENT_TYPE' => ''
    'REQUEST_METHOD' => 'GET'
    'QUERY_STRING' => ''
    'FCGI_ROLE' => 'RESPONDER'
    'PHP_SELF' => '/index.php'
    'REQUEST_TIME_FLOAT' => 1614621921.176
    'REQUEST_TIME' => 1614621921
]
2021-03-01 18:06:27 [127.0.0.1][-][-][error][yii\web\HttpException:404] yii\base\InvalidRouteException: Unable to resolve the request "". in /var/project/yii2/vendor/yiisoft/yii2/base/Module.php:543
Stack trace:
#0 /var/project/yii2/vendor/yiisoft/yii2/web/Application.php(104): yii\base\Module->runAction()
#1 /var/project/yii2/vendor/yiisoft/yii2/base/Application.php(392): yii\web\Application->handleRequest()
#2 /var/project/yii2/web/index.php(12): yii\base\Application->run()
#3 {main}

Next yii\web\NotFoundHttpException: Page not found. in /var/project/yii2/vendor/yiisoft/yii2/web/Application.php:116
Stack trace:
#0 /var/project/yii2/vendor/yiisoft/yii2/base/Application.php(392): yii\web\Application->handleRequest()
#1 /var/project/yii2/web/index.php(12): yii\base\Application->run()
#2 {main}
2021-03-01 18:06:27 [127.0.0.1][-][-][info][application] $_GET = []

$_POST = []

$_FILES = []

$_COOKIE = [
    '_csrf' => '5e2576da3fc359f332b77acc4e3685e5bffbbbfe53ef50f1d76e76711886931da:2:{i:0;s:5:\"_csrf\";i:1;s:32:\"O89oIx7yJ6uKlNrrlvD7V-Y8zbkl1DLN\";}'
    'PHPSESSID' => 'e27rlorlr14olkl0tvl7j7o0m6'
]

$_SESSION = [
    '__flash' => []
]

$_SERVER = [
    'USER' => 'www-data'
    'HOME' => '/var/www'
    'HTTP_COOKIE' => '_csrf=5e2576da3fc359f332b77acc4e3685e5bffbbbfe53ef50f1d76e76711886931da%3A2%3A%7Bi%3A0%3Bs%3A5%3A%22_csrf%22%3Bi%3A1%3Bs%3A32%3A%22O89oIx7yJ6uKlNrrlvD7V-Y8zbkl1DLN%22%3B%7D; PHPSESSID=e27rlorlr14olkl0tvl7j7o0m6'
    'HTTP_ACCEPT_LANGUAGE' => 'ru-RU,ru;q=0.9,en-US;q=0.8,en;q=0.7,uk;q=0.6,de;q=0.5,eu;q=0.4'
    'HTTP_ACCEPT_ENCODING' => 'gzip, deflate'
    'HTTP_ACCEPT' => 'text/html,application/xhtml+xml,application/xml;q=0.9,image/avif,image/webp,image/apng,*/*;q=0.8,application/signed-exchange;v=b3;q=0.9'
    'HTTP_USER_AGENT' => 'Mozilla/5.0 (X11; Linux x86_64) AppleWebKit/537.36 (KHTML, like Gecko) Chrome/88.0.4324.182 Safari/537.36'
    'HTTP_UPGRADE_INSECURE_REQUESTS' => '1'
    'HTTP_CACHE_CONTROL' => 'max-age=0'
    'HTTP_CONNECTION' => 'keep-alive'
    'HTTP_HOST' => 'yii2'
    'SCRIPT_FILENAME' => '/var/project/yii2/web/index.php'
    'REDIRECT_STATUS' => '200'
    'SERVER_NAME' => 'yii2'
    'SERVER_PORT' => '80'
    'SERVER_ADDR' => '127.0.0.8'
    'REMOTE_PORT' => '54858'
    'REMOTE_ADDR' => '127.0.0.1'
    'SERVER_SOFTWARE' => 'nginx/1.18.0'
    'GATEWAY_INTERFACE' => 'CGI/1.1'
    'REQUEST_SCHEME' => 'http'
    'SERVER_PROTOCOL' => 'HTTP/1.1'
    'DOCUMENT_ROOT' => '/var/project/yii2/web'
    'DOCUMENT_URI' => '/index.php'
    'REQUEST_URI' => '/'
    'SCRIPT_NAME' => '/index.php'
    'CONTENT_LENGTH' => ''
    'CONTENT_TYPE' => ''
    'REQUEST_METHOD' => 'GET'
    'QUERY_STRING' => ''
    'FCGI_ROLE' => 'RESPONDER'
    'PHP_SELF' => '/index.php'
    'REQUEST_TIME_FLOAT' => 1614621987.9941
    'REQUEST_TIME' => 1614621987
]
2021-03-01 18:06:29 [127.0.0.1][-][-][error][yii\web\HttpException:404] yii\base\InvalidRouteException: Unable to resolve the request "". in /var/project/yii2/vendor/yiisoft/yii2/base/Module.php:543
Stack trace:
#0 /var/project/yii2/vendor/yiisoft/yii2/web/Application.php(104): yii\base\Module->runAction()
#1 /var/project/yii2/vendor/yiisoft/yii2/base/Application.php(392): yii\web\Application->handleRequest()
#2 /var/project/yii2/web/index.php(12): yii\base\Application->run()
#3 {main}

Next yii\web\NotFoundHttpException: Page not found. in /var/project/yii2/vendor/yiisoft/yii2/web/Application.php:116
Stack trace:
#0 /var/project/yii2/vendor/yiisoft/yii2/base/Application.php(392): yii\web\Application->handleRequest()
#1 /var/project/yii2/web/index.php(12): yii\base\Application->run()
#2 {main}
2021-03-01 18:06:29 [127.0.0.1][-][-][info][application] $_GET = []

$_POST = []

$_FILES = []

$_COOKIE = [
    '_csrf' => '5e2576da3fc359f332b77acc4e3685e5bffbbbfe53ef50f1d76e76711886931da:2:{i:0;s:5:\"_csrf\";i:1;s:32:\"O89oIx7yJ6uKlNrrlvD7V-Y8zbkl1DLN\";}'
    'PHPSESSID' => 'e27rlorlr14olkl0tvl7j7o0m6'
]

$_SESSION = [
    '__flash' => []
]

$_SERVER = [
    'USER' => 'www-data'
    'HOME' => '/var/www'
    'HTTP_COOKIE' => '_csrf=5e2576da3fc359f332b77acc4e3685e5bffbbbfe53ef50f1d76e76711886931da%3A2%3A%7Bi%3A0%3Bs%3A5%3A%22_csrf%22%3Bi%3A1%3Bs%3A32%3A%22O89oIx7yJ6uKlNrrlvD7V-Y8zbkl1DLN%22%3B%7D; PHPSESSID=e27rlorlr14olkl0tvl7j7o0m6'
    'HTTP_ACCEPT_LANGUAGE' => 'ru-RU,ru;q=0.9,en-US;q=0.8,en;q=0.7,uk;q=0.6,de;q=0.5,eu;q=0.4'
    'HTTP_ACCEPT_ENCODING' => 'gzip, deflate'
    'HTTP_ACCEPT' => 'text/html,application/xhtml+xml,application/xml;q=0.9,image/avif,image/webp,image/apng,*/*;q=0.8,application/signed-exchange;v=b3;q=0.9'
    'HTTP_USER_AGENT' => 'Mozilla/5.0 (X11; Linux x86_64) AppleWebKit/537.36 (KHTML, like Gecko) Chrome/88.0.4324.182 Safari/537.36'
    'HTTP_UPGRADE_INSECURE_REQUESTS' => '1'
    'HTTP_CACHE_CONTROL' => 'max-age=0'
    'HTTP_CONNECTION' => 'keep-alive'
    'HTTP_HOST' => 'yii2'
    'SCRIPT_FILENAME' => '/var/project/yii2/web/index.php'
    'REDIRECT_STATUS' => '200'
    'SERVER_NAME' => 'yii2'
    'SERVER_PORT' => '80'
    'SERVER_ADDR' => '127.0.0.8'
    'REMOTE_PORT' => '54858'
    'REMOTE_ADDR' => '127.0.0.1'
    'SERVER_SOFTWARE' => 'nginx/1.18.0'
    'GATEWAY_INTERFACE' => 'CGI/1.1'
    'REQUEST_SCHEME' => 'http'
    'SERVER_PROTOCOL' => 'HTTP/1.1'
    'DOCUMENT_ROOT' => '/var/project/yii2/web'
    'DOCUMENT_URI' => '/index.php'
    'REQUEST_URI' => '/'
    'SCRIPT_NAME' => '/index.php'
    'CONTENT_LENGTH' => ''
    'CONTENT_TYPE' => ''
    'REQUEST_METHOD' => 'GET'
    'QUERY_STRING' => ''
    'FCGI_ROLE' => 'RESPONDER'
    'PHP_SELF' => '/index.php'
    'REQUEST_TIME_FLOAT' => 1614621989.0054
    'REQUEST_TIME' => 1614621989
]
2021-03-01 18:06:29 [127.0.0.1][-][-][error][yii\web\HttpException:404] yii\base\InvalidRouteException: Unable to resolve the request "". in /var/project/yii2/vendor/yiisoft/yii2/base/Module.php:543
Stack trace:
#0 /var/project/yii2/vendor/yiisoft/yii2/web/Application.php(104): yii\base\Module->runAction()
#1 /var/project/yii2/vendor/yiisoft/yii2/base/Application.php(392): yii\web\Application->handleRequest()
#2 /var/project/yii2/web/index.php(12): yii\base\Application->run()
#3 {main}

Next yii\web\NotFoundHttpException: Page not found. in /var/project/yii2/vendor/yiisoft/yii2/web/Application.php:116
Stack trace:
#0 /var/project/yii2/vendor/yiisoft/yii2/base/Application.php(392): yii\web\Application->handleRequest()
#1 /var/project/yii2/web/index.php(12): yii\base\Application->run()
#2 {main}
2021-03-01 18:06:29 [127.0.0.1][-][-][info][application] $_GET = []

$_POST = []

$_FILES = []

$_COOKIE = [
    '_csrf' => '5e2576da3fc359f332b77acc4e3685e5bffbbbfe53ef50f1d76e76711886931da:2:{i:0;s:5:\"_csrf\";i:1;s:32:\"O89oIx7yJ6uKlNrrlvD7V-Y8zbkl1DLN\";}'
    'PHPSESSID' => 'e27rlorlr14olkl0tvl7j7o0m6'
]

$_SESSION = [
    '__flash' => []
]

$_SERVER = [
    'USER' => 'www-data'
    'HOME' => '/var/www'
    'HTTP_COOKIE' => '_csrf=5e2576da3fc359f332b77acc4e3685e5bffbbbfe53ef50f1d76e76711886931da%3A2%3A%7Bi%3A0%3Bs%3A5%3A%22_csrf%22%3Bi%3A1%3Bs%3A32%3A%22O89oIx7yJ6uKlNrrlvD7V-Y8zbkl1DLN%22%3B%7D; PHPSESSID=e27rlorlr14olkl0tvl7j7o0m6'
    'HTTP_ACCEPT_LANGUAGE' => 'ru-RU,ru;q=0.9,en-US;q=0.8,en;q=0.7,uk;q=0.6,de;q=0.5,eu;q=0.4'
    'HTTP_ACCEPT_ENCODING' => 'gzip, deflate'
    'HTTP_ACCEPT' => 'text/html,application/xhtml+xml,application/xml;q=0.9,image/avif,image/webp,image/apng,*/*;q=0.8,application/signed-exchange;v=b3;q=0.9'
    'HTTP_USER_AGENT' => 'Mozilla/5.0 (X11; Linux x86_64) AppleWebKit/537.36 (KHTML, like Gecko) Chrome/88.0.4324.182 Safari/537.36'
    'HTTP_UPGRADE_INSECURE_REQUESTS' => '1'
    'HTTP_CACHE_CONTROL' => 'max-age=0'
    'HTTP_CONNECTION' => 'keep-alive'
    'HTTP_HOST' => 'yii2'
    'SCRIPT_FILENAME' => '/var/project/yii2/web/index.php'
    'REDIRECT_STATUS' => '200'
    'SERVER_NAME' => 'yii2'
    'SERVER_PORT' => '80'
    'SERVER_ADDR' => '127.0.0.8'
    'REMOTE_PORT' => '54858'
    'REMOTE_ADDR' => '127.0.0.1'
    'SERVER_SOFTWARE' => 'nginx/1.18.0'
    'GATEWAY_INTERFACE' => 'CGI/1.1'
    'REQUEST_SCHEME' => 'http'
    'SERVER_PROTOCOL' => 'HTTP/1.1'
    'DOCUMENT_ROOT' => '/var/project/yii2/web'
    'DOCUMENT_URI' => '/index.php'
    'REQUEST_URI' => '/'
    'SCRIPT_NAME' => '/index.php'
    'CONTENT_LENGTH' => ''
    'CONTENT_TYPE' => ''
    'REQUEST_METHOD' => 'GET'
    'QUERY_STRING' => ''
    'FCGI_ROLE' => 'RESPONDER'
    'PHP_SELF' => '/index.php'
    'REQUEST_TIME_FLOAT' => 1614621989.9866
    'REQUEST_TIME' => 1614621989
]
2021-03-01 18:06:32 [127.0.0.1][-][-][error][yii\web\HttpException:404] yii\base\InvalidRouteException: Unable to resolve the request "". in /var/project/yii2/vendor/yiisoft/yii2/base/Module.php:543
Stack trace:
#0 /var/project/yii2/vendor/yiisoft/yii2/web/Application.php(104): yii\base\Module->runAction()
#1 /var/project/yii2/vendor/yiisoft/yii2/base/Application.php(392): yii\web\Application->handleRequest()
#2 /var/project/yii2/web/index.php(12): yii\base\Application->run()
#3 {main}

Next yii\web\NotFoundHttpException: Page not found. in /var/project/yii2/vendor/yiisoft/yii2/web/Application.php:116
Stack trace:
#0 /var/project/yii2/vendor/yiisoft/yii2/base/Application.php(392): yii\web\Application->handleRequest()
#1 /var/project/yii2/web/index.php(12): yii\base\Application->run()
#2 {main}
2021-03-01 18:06:32 [127.0.0.1][-][-][info][application] $_GET = []

$_POST = []

$_FILES = []

$_COOKIE = [
    '_csrf' => '5e2576da3fc359f332b77acc4e3685e5bffbbbfe53ef50f1d76e76711886931da:2:{i:0;s:5:\"_csrf\";i:1;s:32:\"O89oIx7yJ6uKlNrrlvD7V-Y8zbkl1DLN\";}'
    'PHPSESSID' => 'e27rlorlr14olkl0tvl7j7o0m6'
]

$_SESSION = [
    '__flash' => []
]

$_SERVER = [
    'USER' => 'www-data'
    'HOME' => '/var/www'
    'HTTP_COOKIE' => '_csrf=5e2576da3fc359f332b77acc4e3685e5bffbbbfe53ef50f1d76e76711886931da%3A2%3A%7Bi%3A0%3Bs%3A5%3A%22_csrf%22%3Bi%3A1%3Bs%3A32%3A%22O89oIx7yJ6uKlNrrlvD7V-Y8zbkl1DLN%22%3B%7D; PHPSESSID=e27rlorlr14olkl0tvl7j7o0m6'
    'HTTP_ACCEPT_LANGUAGE' => 'ru-RU,ru;q=0.9,en-US;q=0.8,en;q=0.7,uk;q=0.6,de;q=0.5,eu;q=0.4'
    'HTTP_ACCEPT_ENCODING' => 'gzip, deflate'
    'HTTP_ACCEPT' => 'text/html,application/xhtml+xml,application/xml;q=0.9,image/avif,image/webp,image/apng,*/*;q=0.8,application/signed-exchange;v=b3;q=0.9'
    'HTTP_USER_AGENT' => 'Mozilla/5.0 (X11; Linux x86_64) AppleWebKit/537.36 (KHTML, like Gecko) Chrome/88.0.4324.182 Safari/537.36'
    'HTTP_UPGRADE_INSECURE_REQUESTS' => '1'
    'HTTP_CACHE_CONTROL' => 'max-age=0'
    'HTTP_CONNECTION' => 'keep-alive'
    'HTTP_HOST' => 'yii2'
    'SCRIPT_FILENAME' => '/var/project/yii2/web/index.php'
    'REDIRECT_STATUS' => '200'
    'SERVER_NAME' => 'yii2'
    'SERVER_PORT' => '80'
    'SERVER_ADDR' => '127.0.0.8'
    'REMOTE_PORT' => '54858'
    'REMOTE_ADDR' => '127.0.0.1'
    'SERVER_SOFTWARE' => 'nginx/1.18.0'
    'GATEWAY_INTERFACE' => 'CGI/1.1'
    'REQUEST_SCHEME' => 'http'
    'SERVER_PROTOCOL' => 'HTTP/1.1'
    'DOCUMENT_ROOT' => '/var/project/yii2/web'
    'DOCUMENT_URI' => '/index.php'
    'REQUEST_URI' => '/'
    'SCRIPT_NAME' => '/index.php'
    'CONTENT_LENGTH' => ''
    'CONTENT_TYPE' => ''
    'REQUEST_METHOD' => 'GET'
    'QUERY_STRING' => ''
    'FCGI_ROLE' => 'RESPONDER'
    'PHP_SELF' => '/index.php'
    'REQUEST_TIME_FLOAT' => 1614621992.8379
    'REQUEST_TIME' => 1614621992
]
2021-03-01 18:09:12 [127.0.0.1][-][-][error][yii\web\HttpException:404] yii\base\InvalidRouteException: Unable to resolve the request "". in /var/project/yii2/vendor/yiisoft/yii2/base/Module.php:543
Stack trace:
#0 /var/project/yii2/vendor/yiisoft/yii2/web/Application.php(104): yii\base\Module->runAction()
#1 /var/project/yii2/vendor/yiisoft/yii2/base/Application.php(392): yii\web\Application->handleRequest()
#2 /var/project/yii2/web/index.php(12): yii\base\Application->run()
#3 {main}

Next yii\web\NotFoundHttpException: Page not found. in /var/project/yii2/vendor/yiisoft/yii2/web/Application.php:116
Stack trace:
#0 /var/project/yii2/vendor/yiisoft/yii2/base/Application.php(392): yii\web\Application->handleRequest()
#1 /var/project/yii2/web/index.php(12): yii\base\Application->run()
#2 {main}
2021-03-01 18:09:12 [127.0.0.1][-][-][info][application] $_GET = []

$_POST = []

$_FILES = []

$_COOKIE = [
    '_csrf' => '5e2576da3fc359f332b77acc4e3685e5bffbbbfe53ef50f1d76e76711886931da:2:{i:0;s:5:\"_csrf\";i:1;s:32:\"O89oIx7yJ6uKlNrrlvD7V-Y8zbkl1DLN\";}'
    'PHPSESSID' => 'e27rlorlr14olkl0tvl7j7o0m6'
]

$_SESSION = [
    '__flash' => []
]

$_SERVER = [
    'USER' => 'www-data'
    'HOME' => '/var/www'
    'HTTP_COOKIE' => '_csrf=5e2576da3fc359f332b77acc4e3685e5bffbbbfe53ef50f1d76e76711886931da%3A2%3A%7Bi%3A0%3Bs%3A5%3A%22_csrf%22%3Bi%3A1%3Bs%3A32%3A%22O89oIx7yJ6uKlNrrlvD7V-Y8zbkl1DLN%22%3B%7D; PHPSESSID=e27rlorlr14olkl0tvl7j7o0m6'
    'HTTP_ACCEPT_LANGUAGE' => 'ru-RU,ru;q=0.9,en-US;q=0.8,en;q=0.7,uk;q=0.6,de;q=0.5,eu;q=0.4'
    'HTTP_ACCEPT_ENCODING' => 'gzip, deflate'
    'HTTP_ACCEPT' => 'text/html,application/xhtml+xml,application/xml;q=0.9,image/avif,image/webp,image/apng,*/*;q=0.8,application/signed-exchange;v=b3;q=0.9'
    'HTTP_USER_AGENT' => 'Mozilla/5.0 (X11; Linux x86_64) AppleWebKit/537.36 (KHTML, like Gecko) Chrome/88.0.4324.182 Safari/537.36'
    'HTTP_UPGRADE_INSECURE_REQUESTS' => '1'
    'HTTP_CACHE_CONTROL' => 'max-age=0'
    'HTTP_CONNECTION' => 'keep-alive'
    'HTTP_HOST' => 'yii2'
    'SCRIPT_FILENAME' => '/var/project/yii2/web/index.php'
    'REDIRECT_STATUS' => '200'
    'SERVER_NAME' => 'yii2'
    'SERVER_PORT' => '80'
    'SERVER_ADDR' => '127.0.0.8'
    'REMOTE_PORT' => '54874'
    'REMOTE_ADDR' => '127.0.0.1'
    'SERVER_SOFTWARE' => 'nginx/1.18.0'
    'GATEWAY_INTERFACE' => 'CGI/1.1'
    'REQUEST_SCHEME' => 'http'
    'SERVER_PROTOCOL' => 'HTTP/1.1'
    'DOCUMENT_ROOT' => '/var/project/yii2/web'
    'DOCUMENT_URI' => '/index.php'
    'REQUEST_URI' => '/'
    'SCRIPT_NAME' => '/index.php'
    'CONTENT_LENGTH' => ''
    'CONTENT_TYPE' => ''
    'REQUEST_METHOD' => 'GET'
    'QUERY_STRING' => ''
    'FCGI_ROLE' => 'RESPONDER'
    'PHP_SELF' => '/index.php'
    'REQUEST_TIME_FLOAT' => 1614622152.5519
    'REQUEST_TIME' => 1614622152
]
2021-03-01 18:09:13 [127.0.0.1][-][-][error][yii\web\HttpException:404] yii\base\InvalidRouteException: Unable to resolve the request "". in /var/project/yii2/vendor/yiisoft/yii2/base/Module.php:543
Stack trace:
#0 /var/project/yii2/vendor/yiisoft/yii2/web/Application.php(104): yii\base\Module->runAction()
#1 /var/project/yii2/vendor/yiisoft/yii2/base/Application.php(392): yii\web\Application->handleRequest()
#2 /var/project/yii2/web/index.php(12): yii\base\Application->run()
#3 {main}

Next yii\web\NotFoundHttpException: Page not found. in /var/project/yii2/vendor/yiisoft/yii2/web/Application.php:116
Stack trace:
#0 /var/project/yii2/vendor/yiisoft/yii2/base/Application.php(392): yii\web\Application->handleRequest()
#1 /var/project/yii2/web/index.php(12): yii\base\Application->run()
#2 {main}
2021-03-01 18:09:13 [127.0.0.1][-][-][info][application] $_GET = []

$_POST = []

$_FILES = []

$_COOKIE = [
    '_csrf' => '5e2576da3fc359f332b77acc4e3685e5bffbbbfe53ef50f1d76e76711886931da:2:{i:0;s:5:\"_csrf\";i:1;s:32:\"O89oIx7yJ6uKlNrrlvD7V-Y8zbkl1DLN\";}'
    'PHPSESSID' => 'e27rlorlr14olkl0tvl7j7o0m6'
]

$_SESSION = [
    '__flash' => []
]

$_SERVER = [
    'USER' => 'www-data'
    'HOME' => '/var/www'
    'HTTP_COOKIE' => '_csrf=5e2576da3fc359f332b77acc4e3685e5bffbbbfe53ef50f1d76e76711886931da%3A2%3A%7Bi%3A0%3Bs%3A5%3A%22_csrf%22%3Bi%3A1%3Bs%3A32%3A%22O89oIx7yJ6uKlNrrlvD7V-Y8zbkl1DLN%22%3B%7D; PHPSESSID=e27rlorlr14olkl0tvl7j7o0m6'
    'HTTP_ACCEPT_LANGUAGE' => 'ru-RU,ru;q=0.9,en-US;q=0.8,en;q=0.7,uk;q=0.6,de;q=0.5,eu;q=0.4'
    'HTTP_ACCEPT_ENCODING' => 'gzip, deflate'
    'HTTP_ACCEPT' => 'text/html,application/xhtml+xml,application/xml;q=0.9,image/avif,image/webp,image/apng,*/*;q=0.8,application/signed-exchange;v=b3;q=0.9'
    'HTTP_USER_AGENT' => 'Mozilla/5.0 (X11; Linux x86_64) AppleWebKit/537.36 (KHTML, like Gecko) Chrome/88.0.4324.182 Safari/537.36'
    'HTTP_UPGRADE_INSECURE_REQUESTS' => '1'
    'HTTP_CACHE_CONTROL' => 'max-age=0'
    'HTTP_CONNECTION' => 'keep-alive'
    'HTTP_HOST' => 'yii2'
    'SCRIPT_FILENAME' => '/var/project/yii2/web/index.php'
    'REDIRECT_STATUS' => '200'
    'SERVER_NAME' => 'yii2'
    'SERVER_PORT' => '80'
    'SERVER_ADDR' => '127.0.0.8'
    'REMOTE_PORT' => '54874'
    'REMOTE_ADDR' => '127.0.0.1'
    'SERVER_SOFTWARE' => 'nginx/1.18.0'
    'GATEWAY_INTERFACE' => 'CGI/1.1'
    'REQUEST_SCHEME' => 'http'
    'SERVER_PROTOCOL' => 'HTTP/1.1'
    'DOCUMENT_ROOT' => '/var/project/yii2/web'
    'DOCUMENT_URI' => '/index.php'
    'REQUEST_URI' => '/'
    'SCRIPT_NAME' => '/index.php'
    'CONTENT_LENGTH' => ''
    'CONTENT_TYPE' => ''
    'REQUEST_METHOD' => 'GET'
    'QUERY_STRING' => ''
    'FCGI_ROLE' => 'RESPONDER'
    'PHP_SELF' => '/index.php'
    'REQUEST_TIME_FLOAT' => 1614622153.1434
    'REQUEST_TIME' => 1614622153
]
2021-03-01 18:09:13 [127.0.0.1][-][-][error][yii\web\HttpException:404] yii\base\InvalidRouteException: Unable to resolve the request "". in /var/project/yii2/vendor/yiisoft/yii2/base/Module.php:543
Stack trace:
#0 /var/project/yii2/vendor/yiisoft/yii2/web/Application.php(104): yii\base\Module->runAction()
#1 /var/project/yii2/vendor/yiisoft/yii2/base/Application.php(392): yii\web\Application->handleRequest()
#2 /var/project/yii2/web/index.php(12): yii\base\Application->run()
#3 {main}

Next yii\web\NotFoundHttpException: Page not found. in /var/project/yii2/vendor/yiisoft/yii2/web/Application.php:116
Stack trace:
#0 /var/project/yii2/vendor/yiisoft/yii2/base/Application.php(392): yii\web\Application->handleRequest()
#1 /var/project/yii2/web/index.php(12): yii\base\Application->run()
#2 {main}
2021-03-01 18:09:13 [127.0.0.1][-][-][info][application] $_GET = []

$_POST = []

$_FILES = []

$_COOKIE = [
    '_csrf' => '5e2576da3fc359f332b77acc4e3685e5bffbbbfe53ef50f1d76e76711886931da:2:{i:0;s:5:\"_csrf\";i:1;s:32:\"O89oIx7yJ6uKlNrrlvD7V-Y8zbkl1DLN\";}'
    'PHPSESSID' => 'e27rlorlr14olkl0tvl7j7o0m6'
]

$_SESSION = [
    '__flash' => []
]

$_SERVER = [
    'USER' => 'www-data'
    'HOME' => '/var/www'
    'HTTP_COOKIE' => '_csrf=5e2576da3fc359f332b77acc4e3685e5bffbbbfe53ef50f1d76e76711886931da%3A2%3A%7Bi%3A0%3Bs%3A5%3A%22_csrf%22%3Bi%3A1%3Bs%3A32%3A%22O89oIx7yJ6uKlNrrlvD7V-Y8zbkl1DLN%22%3B%7D; PHPSESSID=e27rlorlr14olkl0tvl7j7o0m6'
    'HTTP_ACCEPT_LANGUAGE' => 'ru-RU,ru;q=0.9,en-US;q=0.8,en;q=0.7,uk;q=0.6,de;q=0.5,eu;q=0.4'
    'HTTP_ACCEPT_ENCODING' => 'gzip, deflate'
    'HTTP_ACCEPT' => 'text/html,application/xhtml+xml,application/xml;q=0.9,image/avif,image/webp,image/apng,*/*;q=0.8,application/signed-exchange;v=b3;q=0.9'
    'HTTP_USER_AGENT' => 'Mozilla/5.0 (X11; Linux x86_64) AppleWebKit/537.36 (KHTML, like Gecko) Chrome/88.0.4324.182 Safari/537.36'
    'HTTP_UPGRADE_INSECURE_REQUESTS' => '1'
    'HTTP_CACHE_CONTROL' => 'max-age=0'
    'HTTP_CONNECTION' => 'keep-alive'
    'HTTP_HOST' => 'yii2'
    'SCRIPT_FILENAME' => '/var/project/yii2/web/index.php'
    'REDIRECT_STATUS' => '200'
    'SERVER_NAME' => 'yii2'
    'SERVER_PORT' => '80'
    'SERVER_ADDR' => '127.0.0.8'
    'REMOTE_PORT' => '54874'
    'REMOTE_ADDR' => '127.0.0.1'
    'SERVER_SOFTWARE' => 'nginx/1.18.0'
    'GATEWAY_INTERFACE' => 'CGI/1.1'
    'REQUEST_SCHEME' => 'http'
    'SERVER_PROTOCOL' => 'HTTP/1.1'
    'DOCUMENT_ROOT' => '/var/project/yii2/web'
    'DOCUMENT_URI' => '/index.php'
    'REQUEST_URI' => '/'
    'SCRIPT_NAME' => '/index.php'
    'CONTENT_LENGTH' => ''
    'CONTENT_TYPE' => ''
    'REQUEST_METHOD' => 'GET'
    'QUERY_STRING' => ''
    'FCGI_ROLE' => 'RESPONDER'
    'PHP_SELF' => '/index.php'
    'REQUEST_TIME_FLOAT' => 1614622153.3152
    'REQUEST_TIME' => 1614622153
]
2021-03-01 18:09:13 [127.0.0.1][-][-][error][yii\web\HttpException:404] yii\base\InvalidRouteException: Unable to resolve the request "". in /var/project/yii2/vendor/yiisoft/yii2/base/Module.php:543
Stack trace:
#0 /var/project/yii2/vendor/yiisoft/yii2/web/Application.php(104): yii\base\Module->runAction()
#1 /var/project/yii2/vendor/yiisoft/yii2/base/Application.php(392): yii\web\Application->handleRequest()
#2 /var/project/yii2/web/index.php(12): yii\base\Application->run()
#3 {main}

Next yii\web\NotFoundHttpException: Page not found. in /var/project/yii2/vendor/yiisoft/yii2/web/Application.php:116
Stack trace:
#0 /var/project/yii2/vendor/yiisoft/yii2/base/Application.php(392): yii\web\Application->handleRequest()
#1 /var/project/yii2/web/index.php(12): yii\base\Application->run()
#2 {main}
2021-03-01 18:09:13 [127.0.0.1][-][-][info][application] $_GET = []

$_POST = []

$_FILES = []

$_COOKIE = [
    '_csrf' => '5e2576da3fc359f332b77acc4e3685e5bffbbbfe53ef50f1d76e76711886931da:2:{i:0;s:5:\"_csrf\";i:1;s:32:\"O89oIx7yJ6uKlNrrlvD7V-Y8zbkl1DLN\";}'
    'PHPSESSID' => 'e27rlorlr14olkl0tvl7j7o0m6'
]

$_SESSION = [
    '__flash' => []
]

$_SERVER = [
    'USER' => 'www-data'
    'HOME' => '/var/www'
    'HTTP_COOKIE' => '_csrf=5e2576da3fc359f332b77acc4e3685e5bffbbbfe53ef50f1d76e76711886931da%3A2%3A%7Bi%3A0%3Bs%3A5%3A%22_csrf%22%3Bi%3A1%3Bs%3A32%3A%22O89oIx7yJ6uKlNrrlvD7V-Y8zbkl1DLN%22%3B%7D; PHPSESSID=e27rlorlr14olkl0tvl7j7o0m6'
    'HTTP_ACCEPT_LANGUAGE' => 'ru-RU,ru;q=0.9,en-US;q=0.8,en;q=0.7,uk;q=0.6,de;q=0.5,eu;q=0.4'
    'HTTP_ACCEPT_ENCODING' => 'gzip, deflate'
    'HTTP_ACCEPT' => 'text/html,application/xhtml+xml,application/xml;q=0.9,image/avif,image/webp,image/apng,*/*;q=0.8,application/signed-exchange;v=b3;q=0.9'
    'HTTP_USER_AGENT' => 'Mozilla/5.0 (X11; Linux x86_64) AppleWebKit/537.36 (KHTML, like Gecko) Chrome/88.0.4324.182 Safari/537.36'
    'HTTP_UPGRADE_INSECURE_REQUESTS' => '1'
    'HTTP_CACHE_CONTROL' => 'max-age=0'
    'HTTP_CONNECTION' => 'keep-alive'
    'HTTP_HOST' => 'yii2'
    'SCRIPT_FILENAME' => '/var/project/yii2/web/index.php'
    'REDIRECT_STATUS' => '200'
    'SERVER_NAME' => 'yii2'
    'SERVER_PORT' => '80'
    'SERVER_ADDR' => '127.0.0.8'
    'REMOTE_PORT' => '54874'
    'REMOTE_ADDR' => '127.0.0.1'
    'SERVER_SOFTWARE' => 'nginx/1.18.0'
    'GATEWAY_INTERFACE' => 'CGI/1.1'
    'REQUEST_SCHEME' => 'http'
    'SERVER_PROTOCOL' => 'HTTP/1.1'
    'DOCUMENT_ROOT' => '/var/project/yii2/web'
    'DOCUMENT_URI' => '/index.php'
    'REQUEST_URI' => '/'
    'SCRIPT_NAME' => '/index.php'
    'CONTENT_LENGTH' => ''
    'CONTENT_TYPE' => ''
    'REQUEST_METHOD' => 'GET'
    'QUERY_STRING' => ''
    'FCGI_ROLE' => 'RESPONDER'
    'PHP_SELF' => '/index.php'
    'REQUEST_TIME_FLOAT' => 1614622153.6016
    'REQUEST_TIME' => 1614622153
]
2021-03-01 18:15:07 [127.0.0.1][-][-][error][yii\web\HttpException:404] yii\base\InvalidRouteException: Unable to resolve the request "". in /var/project/yii2/vendor/yiisoft/yii2/base/Module.php:543
Stack trace:
#0 /var/project/yii2/vendor/yiisoft/yii2/web/Application.php(104): yii\base\Module->runAction()
#1 /var/project/yii2/vendor/yiisoft/yii2/base/Application.php(392): yii\web\Application->handleRequest()
#2 /var/project/yii2/web/index.php(12): yii\base\Application->run()
#3 {main}

Next yii\web\NotFoundHttpException: Page not found. in /var/project/yii2/vendor/yiisoft/yii2/web/Application.php:116
Stack trace:
#0 /var/project/yii2/vendor/yiisoft/yii2/base/Application.php(392): yii\web\Application->handleRequest()
#1 /var/project/yii2/web/index.php(12): yii\base\Application->run()
#2 {main}
2021-03-01 18:15:07 [127.0.0.1][-][-][info][application] $_GET = []

$_POST = []

$_FILES = []

$_COOKIE = [
    '_csrf' => '5e2576da3fc359f332b77acc4e3685e5bffbbbfe53ef50f1d76e76711886931da:2:{i:0;s:5:\"_csrf\";i:1;s:32:\"O89oIx7yJ6uKlNrrlvD7V-Y8zbkl1DLN\";}'
    'PHPSESSID' => 'e27rlorlr14olkl0tvl7j7o0m6'
]

$_SESSION = [
    '__flash' => []
]

$_SERVER = [
    'USER' => 'www-data'
    'HOME' => '/var/www'
    'HTTP_COOKIE' => '_csrf=5e2576da3fc359f332b77acc4e3685e5bffbbbfe53ef50f1d76e76711886931da%3A2%3A%7Bi%3A0%3Bs%3A5%3A%22_csrf%22%3Bi%3A1%3Bs%3A32%3A%22O89oIx7yJ6uKlNrrlvD7V-Y8zbkl1DLN%22%3B%7D; PHPSESSID=e27rlorlr14olkl0tvl7j7o0m6'
    'HTTP_ACCEPT_LANGUAGE' => 'ru-RU,ru;q=0.9,en-US;q=0.8,en;q=0.7,uk;q=0.6,de;q=0.5,eu;q=0.4'
    'HTTP_ACCEPT_ENCODING' => 'gzip, deflate'
    'HTTP_ACCEPT' => 'text/html,application/xhtml+xml,application/xml;q=0.9,image/avif,image/webp,image/apng,*/*;q=0.8,application/signed-exchange;v=b3;q=0.9'
    'HTTP_USER_AGENT' => 'Mozilla/5.0 (X11; Linux x86_64) AppleWebKit/537.36 (KHTML, like Gecko) Chrome/88.0.4324.182 Safari/537.36'
    'HTTP_UPGRADE_INSECURE_REQUESTS' => '1'
    'HTTP_CACHE_CONTROL' => 'max-age=0'
    'HTTP_CONNECTION' => 'keep-alive'
    'HTTP_HOST' => 'yii2'
    'SCRIPT_FILENAME' => '/var/project/yii2/web/index.php'
    'REDIRECT_STATUS' => '200'
    'SERVER_NAME' => 'yii2'
    'SERVER_PORT' => '80'
    'SERVER_ADDR' => '127.0.0.8'
    'REMOTE_PORT' => '54934'
    'REMOTE_ADDR' => '127.0.0.1'
    'SERVER_SOFTWARE' => 'nginx/1.18.0'
    'GATEWAY_INTERFACE' => 'CGI/1.1'
    'REQUEST_SCHEME' => 'http'
    'SERVER_PROTOCOL' => 'HTTP/1.1'
    'DOCUMENT_ROOT' => '/var/project/yii2/web'
    'DOCUMENT_URI' => '/index.php'
    'REQUEST_URI' => '/'
    'SCRIPT_NAME' => '/index.php'
    'CONTENT_LENGTH' => ''
    'CONTENT_TYPE' => ''
    'REQUEST_METHOD' => 'GET'
    'QUERY_STRING' => ''
    'FCGI_ROLE' => 'RESPONDER'
    'PHP_SELF' => '/index.php'
    'REQUEST_TIME_FLOAT' => 1614622507.9878
    'REQUEST_TIME' => 1614622507
]
2021-03-01 18:15:11 [127.0.0.1][-][-][error][yii\web\HttpException:404] yii\base\InvalidRouteException: Unable to resolve the request "". in /var/project/yii2/vendor/yiisoft/yii2/base/Module.php:543
Stack trace:
#0 /var/project/yii2/vendor/yiisoft/yii2/web/Application.php(104): yii\base\Module->runAction()
#1 /var/project/yii2/vendor/yiisoft/yii2/base/Application.php(392): yii\web\Application->handleRequest()
#2 /var/project/yii2/web/index.php(12): yii\base\Application->run()
#3 {main}

Next yii\web\NotFoundHttpException: Page not found. in /var/project/yii2/vendor/yiisoft/yii2/web/Application.php:116
Stack trace:
#0 /var/project/yii2/vendor/yiisoft/yii2/base/Application.php(392): yii\web\Application->handleRequest()
#1 /var/project/yii2/web/index.php(12): yii\base\Application->run()
#2 {main}
2021-03-01 18:15:11 [127.0.0.1][-][-][info][application] $_GET = []

$_POST = []

$_FILES = []

$_COOKIE = [
    '_csrf' => '5e2576da3fc359f332b77acc4e3685e5bffbbbfe53ef50f1d76e76711886931da:2:{i:0;s:5:\"_csrf\";i:1;s:32:\"O89oIx7yJ6uKlNrrlvD7V-Y8zbkl1DLN\";}'
    'PHPSESSID' => 'e27rlorlr14olkl0tvl7j7o0m6'
]

$_SESSION = [
    '__flash' => []
]

$_SERVER = [
    'USER' => 'www-data'
    'HOME' => '/var/www'
    'HTTP_COOKIE' => '_csrf=5e2576da3fc359f332b77acc4e3685e5bffbbbfe53ef50f1d76e76711886931da%3A2%3A%7Bi%3A0%3Bs%3A5%3A%22_csrf%22%3Bi%3A1%3Bs%3A32%3A%22O89oIx7yJ6uKlNrrlvD7V-Y8zbkl1DLN%22%3B%7D; PHPSESSID=e27rlorlr14olkl0tvl7j7o0m6'
    'HTTP_ACCEPT_LANGUAGE' => 'ru-RU,ru;q=0.9,en-US;q=0.8,en;q=0.7,uk;q=0.6,de;q=0.5,eu;q=0.4'
    'HTTP_ACCEPT_ENCODING' => 'gzip, deflate'
    'HTTP_ACCEPT' => 'text/html,application/xhtml+xml,application/xml;q=0.9,image/avif,image/webp,image/apng,*/*;q=0.8,application/signed-exchange;v=b3;q=0.9'
    'HTTP_USER_AGENT' => 'Mozilla/5.0 (X11; Linux x86_64) AppleWebKit/537.36 (KHTML, like Gecko) Chrome/88.0.4324.182 Safari/537.36'
    'HTTP_UPGRADE_INSECURE_REQUESTS' => '1'
    'HTTP_CACHE_CONTROL' => 'max-age=0'
    'HTTP_CONNECTION' => 'keep-alive'
    'HTTP_HOST' => 'yii2'
    'SCRIPT_FILENAME' => '/var/project/yii2/web/index.php'
    'REDIRECT_STATUS' => '200'
    'SERVER_NAME' => 'yii2'
    'SERVER_PORT' => '80'
    'SERVER_ADDR' => '127.0.0.8'
    'REMOTE_PORT' => '54934'
    'REMOTE_ADDR' => '127.0.0.1'
    'SERVER_SOFTWARE' => 'nginx/1.18.0'
    'GATEWAY_INTERFACE' => 'CGI/1.1'
    'REQUEST_SCHEME' => 'http'
    'SERVER_PROTOCOL' => 'HTTP/1.1'
    'DOCUMENT_ROOT' => '/var/project/yii2/web'
    'DOCUMENT_URI' => '/index.php'
    'REQUEST_URI' => '/'
    'SCRIPT_NAME' => '/index.php'
    'CONTENT_LENGTH' => ''
    'CONTENT_TYPE' => ''
    'REQUEST_METHOD' => 'GET'
    'QUERY_STRING' => ''
    'FCGI_ROLE' => 'RESPONDER'
    'PHP_SELF' => '/index.php'
    'REQUEST_TIME_FLOAT' => 1614622511.3188
    'REQUEST_TIME' => 1614622511
]
2021-03-01 18:15:11 [127.0.0.1][-][-][error][yii\web\HttpException:404] yii\base\InvalidRouteException: Unable to resolve the request "". in /var/project/yii2/vendor/yiisoft/yii2/base/Module.php:543
Stack trace:
#0 /var/project/yii2/vendor/yiisoft/yii2/web/Application.php(104): yii\base\Module->runAction()
#1 /var/project/yii2/vendor/yiisoft/yii2/base/Application.php(392): yii\web\Application->handleRequest()
#2 /var/project/yii2/web/index.php(12): yii\base\Application->run()
#3 {main}

Next yii\web\NotFoundHttpException: Page not found. in /var/project/yii2/vendor/yiisoft/yii2/web/Application.php:116
Stack trace:
#0 /var/project/yii2/vendor/yiisoft/yii2/base/Application.php(392): yii\web\Application->handleRequest()
#1 /var/project/yii2/web/index.php(12): yii\base\Application->run()
#2 {main}
2021-03-01 18:15:11 [127.0.0.1][-][-][info][application] $_GET = []

$_POST = []

$_FILES = []

$_COOKIE = [
    '_csrf' => '5e2576da3fc359f332b77acc4e3685e5bffbbbfe53ef50f1d76e76711886931da:2:{i:0;s:5:\"_csrf\";i:1;s:32:\"O89oIx7yJ6uKlNrrlvD7V-Y8zbkl1DLN\";}'
    'PHPSESSID' => 'e27rlorlr14olkl0tvl7j7o0m6'
]

$_SESSION = [
    '__flash' => []
]

$_SERVER = [
    'USER' => 'www-data'
    'HOME' => '/var/www'
    'HTTP_COOKIE' => '_csrf=5e2576da3fc359f332b77acc4e3685e5bffbbbfe53ef50f1d76e76711886931da%3A2%3A%7Bi%3A0%3Bs%3A5%3A%22_csrf%22%3Bi%3A1%3Bs%3A32%3A%22O89oIx7yJ6uKlNrrlvD7V-Y8zbkl1DLN%22%3B%7D; PHPSESSID=e27rlorlr14olkl0tvl7j7o0m6'
    'HTTP_ACCEPT_LANGUAGE' => 'ru-RU,ru;q=0.9,en-US;q=0.8,en;q=0.7,uk;q=0.6,de;q=0.5,eu;q=0.4'
    'HTTP_ACCEPT_ENCODING' => 'gzip, deflate'
    'HTTP_ACCEPT' => 'text/html,application/xhtml+xml,application/xml;q=0.9,image/avif,image/webp,image/apng,*/*;q=0.8,application/signed-exchange;v=b3;q=0.9'
    'HTTP_USER_AGENT' => 'Mozilla/5.0 (X11; Linux x86_64) AppleWebKit/537.36 (KHTML, like Gecko) Chrome/88.0.4324.182 Safari/537.36'
    'HTTP_UPGRADE_INSECURE_REQUESTS' => '1'
    'HTTP_CACHE_CONTROL' => 'max-age=0'
    'HTTP_CONNECTION' => 'keep-alive'
    'HTTP_HOST' => 'yii2'
    'SCRIPT_FILENAME' => '/var/project/yii2/web/index.php'
    'REDIRECT_STATUS' => '200'
    'SERVER_NAME' => 'yii2'
    'SERVER_PORT' => '80'
    'SERVER_ADDR' => '127.0.0.8'
    'REMOTE_PORT' => '54934'
    'REMOTE_ADDR' => '127.0.0.1'
    'SERVER_SOFTWARE' => 'nginx/1.18.0'
    'GATEWAY_INTERFACE' => 'CGI/1.1'
    'REQUEST_SCHEME' => 'http'
    'SERVER_PROTOCOL' => 'HTTP/1.1'
    'DOCUMENT_ROOT' => '/var/project/yii2/web'
    'DOCUMENT_URI' => '/index.php'
    'REQUEST_URI' => '/'
    'SCRIPT_NAME' => '/index.php'
    'CONTENT_LENGTH' => ''
    'CONTENT_TYPE' => ''
    'REQUEST_METHOD' => 'GET'
    'QUERY_STRING' => ''
    'FCGI_ROLE' => 'RESPONDER'
    'PHP_SELF' => '/index.php'
    'REQUEST_TIME_FLOAT' => 1614622511.8131
    'REQUEST_TIME' => 1614622511
]
2021-03-01 18:15:12 [127.0.0.1][-][-][error][yii\web\HttpException:404] yii\base\InvalidRouteException: Unable to resolve the request "". in /var/project/yii2/vendor/yiisoft/yii2/base/Module.php:543
Stack trace:
#0 /var/project/yii2/vendor/yiisoft/yii2/web/Application.php(104): yii\base\Module->runAction()
#1 /var/project/yii2/vendor/yiisoft/yii2/base/Application.php(392): yii\web\Application->handleRequest()
#2 /var/project/yii2/web/index.php(12): yii\base\Application->run()
#3 {main}

Next yii\web\NotFoundHttpException: Page not found. in /var/project/yii2/vendor/yiisoft/yii2/web/Application.php:116
Stack trace:
#0 /var/project/yii2/vendor/yiisoft/yii2/base/Application.php(392): yii\web\Application->handleRequest()
#1 /var/project/yii2/web/index.php(12): yii\base\Application->run()
#2 {main}
2021-03-01 18:15:12 [127.0.0.1][-][-][info][application] $_GET = []

$_POST = []

$_FILES = []

$_COOKIE = [
    '_csrf' => '5e2576da3fc359f332b77acc4e3685e5bffbbbfe53ef50f1d76e76711886931da:2:{i:0;s:5:\"_csrf\";i:1;s:32:\"O89oIx7yJ6uKlNrrlvD7V-Y8zbkl1DLN\";}'
    'PHPSESSID' => 'e27rlorlr14olkl0tvl7j7o0m6'
]

$_SESSION = [
    '__flash' => []
]

$_SERVER = [
    'USER' => 'www-data'
    'HOME' => '/var/www'
    'HTTP_COOKIE' => '_csrf=5e2576da3fc359f332b77acc4e3685e5bffbbbfe53ef50f1d76e76711886931da%3A2%3A%7Bi%3A0%3Bs%3A5%3A%22_csrf%22%3Bi%3A1%3Bs%3A32%3A%22O89oIx7yJ6uKlNrrlvD7V-Y8zbkl1DLN%22%3B%7D; PHPSESSID=e27rlorlr14olkl0tvl7j7o0m6'
    'HTTP_ACCEPT_LANGUAGE' => 'ru-RU,ru;q=0.9,en-US;q=0.8,en;q=0.7,uk;q=0.6,de;q=0.5,eu;q=0.4'
    'HTTP_ACCEPT_ENCODING' => 'gzip, deflate'
    'HTTP_ACCEPT' => 'text/html,application/xhtml+xml,application/xml;q=0.9,image/avif,image/webp,image/apng,*/*;q=0.8,application/signed-exchange;v=b3;q=0.9'
    'HTTP_USER_AGENT' => 'Mozilla/5.0 (X11; Linux x86_64) AppleWebKit/537.36 (KHTML, like Gecko) Chrome/88.0.4324.182 Safari/537.36'
    'HTTP_UPGRADE_INSECURE_REQUESTS' => '1'
    'HTTP_CACHE_CONTROL' => 'max-age=0'
    'HTTP_CONNECTION' => 'keep-alive'
    'HTTP_HOST' => 'yii2'
    'SCRIPT_FILENAME' => '/var/project/yii2/web/index.php'
    'REDIRECT_STATUS' => '200'
    'SERVER_NAME' => 'yii2'
    'SERVER_PORT' => '80'
    'SERVER_ADDR' => '127.0.0.8'
    'REMOTE_PORT' => '54934'
    'REMOTE_ADDR' => '127.0.0.1'
    'SERVER_SOFTWARE' => 'nginx/1.18.0'
    'GATEWAY_INTERFACE' => 'CGI/1.1'
    'REQUEST_SCHEME' => 'http'
    'SERVER_PROTOCOL' => 'HTTP/1.1'
    'DOCUMENT_ROOT' => '/var/project/yii2/web'
    'DOCUMENT_URI' => '/index.php'
    'REQUEST_URI' => '/'
    'SCRIPT_NAME' => '/index.php'
    'CONTENT_LENGTH' => ''
    'CONTENT_TYPE' => ''
    'REQUEST_METHOD' => 'GET'
    'QUERY_STRING' => ''
    'FCGI_ROLE' => 'RESPONDER'
    'PHP_SELF' => '/index.php'
    'REQUEST_TIME_FLOAT' => 1614622512.2206
    'REQUEST_TIME' => 1614622512
]
2021-03-01 18:15:12 [127.0.0.1][-][-][error][yii\web\HttpException:404] yii\base\InvalidRouteException: Unable to resolve the request "". in /var/project/yii2/vendor/yiisoft/yii2/base/Module.php:543
Stack trace:
#0 /var/project/yii2/vendor/yiisoft/yii2/web/Application.php(104): yii\base\Module->runAction()
#1 /var/project/yii2/vendor/yiisoft/yii2/base/Application.php(392): yii\web\Application->handleRequest()
#2 /var/project/yii2/web/index.php(12): yii\base\Application->run()
#3 {main}

Next yii\web\NotFoundHttpException: Page not found. in /var/project/yii2/vendor/yiisoft/yii2/web/Application.php:116
Stack trace:
#0 /var/project/yii2/vendor/yiisoft/yii2/base/Application.php(392): yii\web\Application->handleRequest()
#1 /var/project/yii2/web/index.php(12): yii\base\Application->run()
#2 {main}
2021-03-01 18:15:12 [127.0.0.1][-][-][info][application] $_GET = []

$_POST = []

$_FILES = []

$_COOKIE = [
    '_csrf' => '5e2576da3fc359f332b77acc4e3685e5bffbbbfe53ef50f1d76e76711886931da:2:{i:0;s:5:\"_csrf\";i:1;s:32:\"O89oIx7yJ6uKlNrrlvD7V-Y8zbkl1DLN\";}'
    'PHPSESSID' => 'e27rlorlr14olkl0tvl7j7o0m6'
]

$_SESSION = [
    '__flash' => []
]

$_SERVER = [
    'USER' => 'www-data'
    'HOME' => '/var/www'
    'HTTP_COOKIE' => '_csrf=5e2576da3fc359f332b77acc4e3685e5bffbbbfe53ef50f1d76e76711886931da%3A2%3A%7Bi%3A0%3Bs%3A5%3A%22_csrf%22%3Bi%3A1%3Bs%3A32%3A%22O89oIx7yJ6uKlNrrlvD7V-Y8zbkl1DLN%22%3B%7D; PHPSESSID=e27rlorlr14olkl0tvl7j7o0m6'
    'HTTP_ACCEPT_LANGUAGE' => 'ru-RU,ru;q=0.9,en-US;q=0.8,en;q=0.7,uk;q=0.6,de;q=0.5,eu;q=0.4'
    'HTTP_ACCEPT_ENCODING' => 'gzip, deflate'
    'HTTP_ACCEPT' => 'text/html,application/xhtml+xml,application/xml;q=0.9,image/avif,image/webp,image/apng,*/*;q=0.8,application/signed-exchange;v=b3;q=0.9'
    'HTTP_USER_AGENT' => 'Mozilla/5.0 (X11; Linux x86_64) AppleWebKit/537.36 (KHTML, like Gecko) Chrome/88.0.4324.182 Safari/537.36'
    'HTTP_UPGRADE_INSECURE_REQUESTS' => '1'
    'HTTP_CACHE_CONTROL' => 'max-age=0'
    'HTTP_CONNECTION' => 'keep-alive'
    'HTTP_HOST' => 'yii2'
    'SCRIPT_FILENAME' => '/var/project/yii2/web/index.php'
    'REDIRECT_STATUS' => '200'
    'SERVER_NAME' => 'yii2'
    'SERVER_PORT' => '80'
    'SERVER_ADDR' => '127.0.0.8'
    'REMOTE_PORT' => '54934'
    'REMOTE_ADDR' => '127.0.0.1'
    'SERVER_SOFTWARE' => 'nginx/1.18.0'
    'GATEWAY_INTERFACE' => 'CGI/1.1'
    'REQUEST_SCHEME' => 'http'
    'SERVER_PROTOCOL' => 'HTTP/1.1'
    'DOCUMENT_ROOT' => '/var/project/yii2/web'
    'DOCUMENT_URI' => '/index.php'
    'REQUEST_URI' => '/'
    'SCRIPT_NAME' => '/index.php'
    'CONTENT_LENGTH' => ''
    'CONTENT_TYPE' => ''
    'REQUEST_METHOD' => 'GET'
    'QUERY_STRING' => ''
    'FCGI_ROLE' => 'RESPONDER'
    'PHP_SELF' => '/index.php'
    'REQUEST_TIME_FLOAT' => 1614622512.7705
    'REQUEST_TIME' => 1614622512
]
2021-03-01 18:15:13 [127.0.0.1][-][-][error][yii\web\HttpException:404] yii\base\InvalidRouteException: Unable to resolve the request "". in /var/project/yii2/vendor/yiisoft/yii2/base/Module.php:543
Stack trace:
#0 /var/project/yii2/vendor/yiisoft/yii2/web/Application.php(104): yii\base\Module->runAction()
#1 /var/project/yii2/vendor/yiisoft/yii2/base/Application.php(392): yii\web\Application->handleRequest()
#2 /var/project/yii2/web/index.php(12): yii\base\Application->run()
#3 {main}

Next yii\web\NotFoundHttpException: Page not found. in /var/project/yii2/vendor/yiisoft/yii2/web/Application.php:116
Stack trace:
#0 /var/project/yii2/vendor/yiisoft/yii2/base/Application.php(392): yii\web\Application->handleRequest()
#1 /var/project/yii2/web/index.php(12): yii\base\Application->run()
#2 {main}
2021-03-01 18:15:13 [127.0.0.1][-][-][info][application] $_GET = []

$_POST = []

$_FILES = []

$_COOKIE = [
    '_csrf' => '5e2576da3fc359f332b77acc4e3685e5bffbbbfe53ef50f1d76e76711886931da:2:{i:0;s:5:\"_csrf\";i:1;s:32:\"O89oIx7yJ6uKlNrrlvD7V-Y8zbkl1DLN\";}'
    'PHPSESSID' => 'e27rlorlr14olkl0tvl7j7o0m6'
]

$_SESSION = [
    '__flash' => []
]

$_SERVER = [
    'USER' => 'www-data'
    'HOME' => '/var/www'
    'HTTP_COOKIE' => '_csrf=5e2576da3fc359f332b77acc4e3685e5bffbbbfe53ef50f1d76e76711886931da%3A2%3A%7Bi%3A0%3Bs%3A5%3A%22_csrf%22%3Bi%3A1%3Bs%3A32%3A%22O89oIx7yJ6uKlNrrlvD7V-Y8zbkl1DLN%22%3B%7D; PHPSESSID=e27rlorlr14olkl0tvl7j7o0m6'
    'HTTP_ACCEPT_LANGUAGE' => 'ru-RU,ru;q=0.9,en-US;q=0.8,en;q=0.7,uk;q=0.6,de;q=0.5,eu;q=0.4'
    'HTTP_ACCEPT_ENCODING' => 'gzip, deflate'
    'HTTP_ACCEPT' => 'text/html,application/xhtml+xml,application/xml;q=0.9,image/avif,image/webp,image/apng,*/*;q=0.8,application/signed-exchange;v=b3;q=0.9'
    'HTTP_USER_AGENT' => 'Mozilla/5.0 (X11; Linux x86_64) AppleWebKit/537.36 (KHTML, like Gecko) Chrome/88.0.4324.182 Safari/537.36'
    'HTTP_UPGRADE_INSECURE_REQUESTS' => '1'
    'HTTP_CACHE_CONTROL' => 'max-age=0'
    'HTTP_CONNECTION' => 'keep-alive'
    'HTTP_HOST' => 'yii2'
    'SCRIPT_FILENAME' => '/var/project/yii2/web/index.php'
    'REDIRECT_STATUS' => '200'
    'SERVER_NAME' => 'yii2'
    'SERVER_PORT' => '80'
    'SERVER_ADDR' => '127.0.0.8'
    'REMOTE_PORT' => '54934'
    'REMOTE_ADDR' => '127.0.0.1'
    'SERVER_SOFTWARE' => 'nginx/1.18.0'
    'GATEWAY_INTERFACE' => 'CGI/1.1'
    'REQUEST_SCHEME' => 'http'
    'SERVER_PROTOCOL' => 'HTTP/1.1'
    'DOCUMENT_ROOT' => '/var/project/yii2/web'
    'DOCUMENT_URI' => '/index.php'
    'REQUEST_URI' => '/'
    'SCRIPT_NAME' => '/index.php'
    'CONTENT_LENGTH' => ''
    'CONTENT_TYPE' => ''
    'REQUEST_METHOD' => 'GET'
    'QUERY_STRING' => ''
    'FCGI_ROLE' => 'RESPONDER'
    'PHP_SELF' => '/index.php'
    'REQUEST_TIME_FLOAT' => 1614622513.2002
    'REQUEST_TIME' => 1614622513
]
2021-03-01 18:15:13 [127.0.0.1][-][-][error][yii\web\HttpException:404] yii\base\InvalidRouteException: Unable to resolve the request "". in /var/project/yii2/vendor/yiisoft/yii2/base/Module.php:543
Stack trace:
#0 /var/project/yii2/vendor/yiisoft/yii2/web/Application.php(104): yii\base\Module->runAction()
#1 /var/project/yii2/vendor/yiisoft/yii2/base/Application.php(392): yii\web\Application->handleRequest()
#2 /var/project/yii2/web/index.php(12): yii\base\Application->run()
#3 {main}

Next yii\web\NotFoundHttpException: Page not found. in /var/project/yii2/vendor/yiisoft/yii2/web/Application.php:116
Stack trace:
#0 /var/project/yii2/vendor/yiisoft/yii2/base/Application.php(392): yii\web\Application->handleRequest()
#1 /var/project/yii2/web/index.php(12): yii\base\Application->run()
#2 {main}
2021-03-01 18:15:13 [127.0.0.1][-][-][info][application] $_GET = []

$_POST = []

$_FILES = []

$_COOKIE = [
    '_csrf' => '5e2576da3fc359f332b77acc4e3685e5bffbbbfe53ef50f1d76e76711886931da:2:{i:0;s:5:\"_csrf\";i:1;s:32:\"O89oIx7yJ6uKlNrrlvD7V-Y8zbkl1DLN\";}'
    'PHPSESSID' => 'e27rlorlr14olkl0tvl7j7o0m6'
]

$_SESSION = [
    '__flash' => []
]

$_SERVER = [
    'USER' => 'www-data'
    'HOME' => '/var/www'
    'HTTP_COOKIE' => '_csrf=5e2576da3fc359f332b77acc4e3685e5bffbbbfe53ef50f1d76e76711886931da%3A2%3A%7Bi%3A0%3Bs%3A5%3A%22_csrf%22%3Bi%3A1%3Bs%3A32%3A%22O89oIx7yJ6uKlNrrlvD7V-Y8zbkl1DLN%22%3B%7D; PHPSESSID=e27rlorlr14olkl0tvl7j7o0m6'
    'HTTP_ACCEPT_LANGUAGE' => 'ru-RU,ru;q=0.9,en-US;q=0.8,en;q=0.7,uk;q=0.6,de;q=0.5,eu;q=0.4'
    'HTTP_ACCEPT_ENCODING' => 'gzip, deflate'
    'HTTP_ACCEPT' => 'text/html,application/xhtml+xml,application/xml;q=0.9,image/avif,image/webp,image/apng,*/*;q=0.8,application/signed-exchange;v=b3;q=0.9'
    'HTTP_USER_AGENT' => 'Mozilla/5.0 (X11; Linux x86_64) AppleWebKit/537.36 (KHTML, like Gecko) Chrome/88.0.4324.182 Safari/537.36'
    'HTTP_UPGRADE_INSECURE_REQUESTS' => '1'
    'HTTP_CACHE_CONTROL' => 'max-age=0'
    'HTTP_CONNECTION' => 'keep-alive'
    'HTTP_HOST' => 'yii2'
    'SCRIPT_FILENAME' => '/var/project/yii2/web/index.php'
    'REDIRECT_STATUS' => '200'
    'SERVER_NAME' => 'yii2'
    'SERVER_PORT' => '80'
    'SERVER_ADDR' => '127.0.0.8'
    'REMOTE_PORT' => '54934'
    'REMOTE_ADDR' => '127.0.0.1'
    'SERVER_SOFTWARE' => 'nginx/1.18.0'
    'GATEWAY_INTERFACE' => 'CGI/1.1'
    'REQUEST_SCHEME' => 'http'
    'SERVER_PROTOCOL' => 'HTTP/1.1'
    'DOCUMENT_ROOT' => '/var/project/yii2/web'
    'DOCUMENT_URI' => '/index.php'
    'REQUEST_URI' => '/'
    'SCRIPT_NAME' => '/index.php'
    'CONTENT_LENGTH' => ''
    'CONTENT_TYPE' => ''
    'REQUEST_METHOD' => 'GET'
    'QUERY_STRING' => ''
    'FCGI_ROLE' => 'RESPONDER'
    'PHP_SELF' => '/index.php'
    'REQUEST_TIME_FLOAT' => 1614622513.5309
    'REQUEST_TIME' => 1614622513
]
2021-03-01 18:15:14 [127.0.0.1][-][-][error][yii\web\HttpException:404] yii\base\InvalidRouteException: Unable to resolve the request "". in /var/project/yii2/vendor/yiisoft/yii2/base/Module.php:543
Stack trace:
#0 /var/project/yii2/vendor/yiisoft/yii2/web/Application.php(104): yii\base\Module->runAction()
#1 /var/project/yii2/vendor/yiisoft/yii2/base/Application.php(392): yii\web\Application->handleRequest()
#2 /var/project/yii2/web/index.php(12): yii\base\Application->run()
#3 {main}

Next yii\web\NotFoundHttpException: Page not found. in /var/project/yii2/vendor/yiisoft/yii2/web/Application.php:116
Stack trace:
#0 /var/project/yii2/vendor/yiisoft/yii2/base/Application.php(392): yii\web\Application->handleRequest()
#1 /var/project/yii2/web/index.php(12): yii\base\Application->run()
#2 {main}
2021-03-01 18:15:14 [127.0.0.1][-][-][info][application] $_GET = []

$_POST = []

$_FILES = []

$_COOKIE = [
    '_csrf' => '5e2576da3fc359f332b77acc4e3685e5bffbbbfe53ef50f1d76e76711886931da:2:{i:0;s:5:\"_csrf\";i:1;s:32:\"O89oIx7yJ6uKlNrrlvD7V-Y8zbkl1DLN\";}'
    'PHPSESSID' => 'e27rlorlr14olkl0tvl7j7o0m6'
]

$_SESSION = [
    '__flash' => []
]

$_SERVER = [
    'USER' => 'www-data'
    'HOME' => '/var/www'
    'HTTP_COOKIE' => '_csrf=5e2576da3fc359f332b77acc4e3685e5bffbbbfe53ef50f1d76e76711886931da%3A2%3A%7Bi%3A0%3Bs%3A5%3A%22_csrf%22%3Bi%3A1%3Bs%3A32%3A%22O89oIx7yJ6uKlNrrlvD7V-Y8zbkl1DLN%22%3B%7D; PHPSESSID=e27rlorlr14olkl0tvl7j7o0m6'
    'HTTP_ACCEPT_LANGUAGE' => 'ru-RU,ru;q=0.9,en-US;q=0.8,en;q=0.7,uk;q=0.6,de;q=0.5,eu;q=0.4'
    'HTTP_ACCEPT_ENCODING' => 'gzip, deflate'
    'HTTP_ACCEPT' => 'text/html,application/xhtml+xml,application/xml;q=0.9,image/avif,image/webp,image/apng,*/*;q=0.8,application/signed-exchange;v=b3;q=0.9'
    'HTTP_USER_AGENT' => 'Mozilla/5.0 (X11; Linux x86_64) AppleWebKit/537.36 (KHTML, like Gecko) Chrome/88.0.4324.182 Safari/537.36'
    'HTTP_UPGRADE_INSECURE_REQUESTS' => '1'
    'HTTP_CACHE_CONTROL' => 'max-age=0'
    'HTTP_CONNECTION' => 'keep-alive'
    'HTTP_HOST' => 'yii2'
    'SCRIPT_FILENAME' => '/var/project/yii2/web/index.php'
    'REDIRECT_STATUS' => '200'
    'SERVER_NAME' => 'yii2'
    'SERVER_PORT' => '80'
    'SERVER_ADDR' => '127.0.0.8'
    'REMOTE_PORT' => '54934'
    'REMOTE_ADDR' => '127.0.0.1'
    'SERVER_SOFTWARE' => 'nginx/1.18.0'
    'GATEWAY_INTERFACE' => 'CGI/1.1'
    'REQUEST_SCHEME' => 'http'
    'SERVER_PROTOCOL' => 'HTTP/1.1'
    'DOCUMENT_ROOT' => '/var/project/yii2/web'
    'DOCUMENT_URI' => '/index.php'
    'REQUEST_URI' => '/'
    'SCRIPT_NAME' => '/index.php'
    'CONTENT_LENGTH' => ''
    'CONTENT_TYPE' => ''
    'REQUEST_METHOD' => 'GET'
    'QUERY_STRING' => ''
    'FCGI_ROLE' => 'RESPONDER'
    'PHP_SELF' => '/index.php'
    'REQUEST_TIME_FLOAT' => 1614622514.0023
    'REQUEST_TIME' => 1614622514
]
